2024-04-14 03:32:14,286 [INFO] Activator:176 - 


2024-04-14 03:32:14,288 [INFO] Activator:177 - !SESSION log4j initialized
2024-04-14 03:32:17,035 [INFO] LogOutputStream:77 - [STDOUT_REDIRECT] 
2024-04-14 03:32:19,240 [INFO] ApplicationProperties:184 - Using Application install path: C:\ST\STM32CubeIDE_1.13.2\STM32CubeIDE\plugins\com.st.stm32cube.common.mx_6.9.2.202309101412
2024-04-14 03:32:19,287 [INFO] DbMcusXml:78 - Set database path to: C:\ST\STM32CubeIDE_1.13.2\STM32CubeIDE\plugins\com.st.stm32cube.common.mx_6.9.2.202309101412\\db\/mcu/
2024-04-14 03:32:19,288 [INFO] ApiDb:274 - Set plugin database path to: C:\ST\STM32CubeIDE_1.13.2\STM32CubeIDE\plugins\com.st.stm32cube.common.mx_6.9.2.202309101412\\db\/plugins/boardmanager/
2024-04-14 03:32:19,288 [WARN] ApiDb:259 - Overriding images path with different value:  => C:\ST\STM32CubeIDE_1.13.2\STM32CubeIDE\plugins\com.st.stm32cube.common.mx_6.9.2.202309101412\\db\/plugins/mcufinder/images/
2024-04-14 03:32:19,303 [INFO] ApiDb:250 - Set database path to: C:\Users\Phatt\.stmcufinder\plugins\mcufinder//mcu/
2024-04-14 03:32:19,305 [INFO] DbMcusAds:125 - Set database path to: C:\Users\Phatt\.stmcufinder\plugins\mcufinder//mcu/
2024-04-14 03:32:19,307 [INFO] CrossReferenceDbSqlite:203 - Set database path to: C:\Users\Phatt\.stmcufinder\plugins\mcufinder//mcu/cs/
2024-04-14 03:32:19,434 [INFO] RulesReader:64 - Compatibility file has been processed (293 Rules)
2024-04-14 03:32:19,534 [INFO] DbMcusXml:78 - Set database path to: C:\ST\STM32CubeIDE_1.13.2\STM32CubeIDE\plugins\com.st.stm32cube.common.mx_6.9.2.202309101412\\db\/mcu/
2024-04-14 03:32:19,534 [INFO] ApiDb:274 - Set plugin database path to: C:\ST\STM32CubeIDE_1.13.2\STM32CubeIDE\plugins\com.st.stm32cube.common.mx_6.9.2.202309101412\\db\/plugins/boardmanager/
2024-04-14 03:32:19,534 [INFO] ApiDb:261 - Set plugin images path to: C:\ST\STM32CubeIDE_1.13.2\STM32CubeIDE\plugins\com.st.stm32cube.common.mx_6.9.2.202309101412\\db\/plugins/mcufinder/images/
2024-04-14 03:32:19,535 [WARN] DbFile:41 - Overriding database path with different value: C:\Users\Phatt\.stmcufinder\plugins\mcufinder/ => C:\Users\Phatt\.stmcufinder\plugins\mcufinder
2024-04-14 03:32:19,535 [INFO] ApiDb:250 - Set database path to: C:\Users\Phatt\.stmcufinder\plugins\mcufinder//mcu/
2024-04-14 03:32:19,535 [WARN] DbFile:41 - Overriding database path with different value: C:\Users\Phatt\.stmcufinder\plugins\mcufinder/ => C:\Users\Phatt\.stmcufinder\plugins\mcufinder
2024-04-14 03:32:19,535 [INFO] DbMcusAds:125 - Set database path to: C:\Users\Phatt\.stmcufinder\plugins\mcufinder//mcu/
2024-04-14 03:32:19,535 [WARN] DbFile:41 - Overriding database path with different value: C:\Users\Phatt\.stmcufinder\plugins\mcufinder/ => C:\Users\Phatt\.stmcufinder\plugins\mcufinder
2024-04-14 03:32:19,535 [WARN] DbFile:41 - Overriding database path with different value: C:\Users\Phatt\.stmcufinder\plugins\mcufinder/ => C:\Users\Phatt\.stmcufinder\plugins\mcufinder
2024-04-14 03:32:19,535 [INFO] CrossReferenceDbSqlite:203 - Set database path to: C:\Users\Phatt\.stmcufinder\plugins\mcufinder//mcu/cs/
2024-04-14 03:32:19,616 [INFO] MainPanel:262 - HeapMemory: 268435456
2024-04-14 03:32:19,679 [INFO] DbMcusXml:78 - Set database path to: C:\ST\STM32CubeIDE_1.13.2\STM32CubeIDE\plugins\com.st.stm32cube.common.mx_6.9.2.202309101412\\db\/mcu/
2024-04-14 03:32:19,679 [INFO] ApiDb:274 - Set plugin database path to: C:\ST\STM32CubeIDE_1.13.2\STM32CubeIDE\plugins\com.st.stm32cube.common.mx_6.9.2.202309101412\\db\/plugins/boardmanager/
2024-04-14 03:32:19,680 [INFO] ApiDb:261 - Set plugin images path to: C:\ST\STM32CubeIDE_1.13.2\STM32CubeIDE\plugins\com.st.stm32cube.common.mx_6.9.2.202309101412\\db\/plugins/mcufinder/images/
2024-04-14 03:32:19,680 [WARN] DbFile:41 - Overriding database path with different value: C:\Users\Phatt\.stmcufinder\plugins\mcufinder/ => C:\Users\Phatt\.stmcufinder\plugins\mcufinder
2024-04-14 03:32:19,681 [INFO] ApiDb:250 - Set database path to: C:\Users\Phatt\.stmcufinder\plugins\mcufinder//mcu/
2024-04-14 03:32:19,681 [WARN] DbFile:41 - Overriding database path with different value: C:\Users\Phatt\.stmcufinder\plugins\mcufinder/ => C:\Users\Phatt\.stmcufinder\plugins\mcufinder
2024-04-14 03:32:19,681 [INFO] DbMcusAds:125 - Set database path to: C:\Users\Phatt\.stmcufinder\plugins\mcufinder//mcu/
2024-04-14 03:32:19,681 [WARN] DbFile:41 - Overriding database path with different value: C:\Users\Phatt\.stmcufinder\plugins\mcufinder/ => C:\Users\Phatt\.stmcufinder\plugins\mcufinder
2024-04-14 03:32:19,681 [WARN] DbFile:41 - Overriding database path with different value: C:\Users\Phatt\.stmcufinder\plugins\mcufinder/ => C:\Users\Phatt\.stmcufinder\plugins\mcufinder
2024-04-14 03:32:19,681 [INFO] CrossReferenceDbSqlite:203 - Set database path to: C:\Users\Phatt\.stmcufinder\plugins\mcufinder//mcu/cs/
2024-04-14 03:32:19,694 [INFO] ApplicationProperties:184 - Using Application install path: C:\ST\STM32CubeIDE_1.13.2\STM32CubeIDE\plugins\com.st.stm32cube.common.mx_6.9.2.202309101412
2024-04-14 03:32:19,695 [INFO] PluginManage:196 - Search for loadable plugins [exclusion list=, ]
2024-04-14 03:32:19,696 [INFO] PluginManage:310 - Check plugin analytics
2024-04-14 03:32:19,941 [INFO] AnalyticsPlugin:253 - Accepted Software Licenses: 
2024-04-14 03:32:19,941 [INFO] AnalyticsPlugin:255 - Accepted CMSIS Pack Licenses: 
2024-04-14 03:32:19,941 [INFO] AnalyticsPlugin:257 - Accepted Firmware Licenses: FW.G4.1.5.0
2024-04-14 03:32:19,949 [INFO] PluginManage:359 - Loaded plugin analytics (category:tool,tabindex:-1)
2024-04-14 03:32:19,951 [INFO] PluginManage:310 - Check plugin cadmodel
2024-04-14 03:32:19,959 [INFO] CADModel:105 - Init CAD model plugin
2024-04-14 03:32:19,959 [INFO] PluginManage:359 - Loaded plugin cadmodel (category:power,tabindex:5)
2024-04-14 03:32:19,959 [INFO] PluginManage:310 - Check plugin clock
2024-04-14 03:32:19,978 [INFO] PluginManage:359 - Loaded plugin clock (category:base,tabindex:2)
2024-04-14 03:32:19,978 [INFO] PluginManage:310 - Check plugin ddr
2024-04-14 03:32:19,984 [INFO] PluginManage:359 - Loaded plugin ddr (category:tool,tabindex:6)
2024-04-14 03:32:19,984 [INFO] PluginManage:310 - Check plugin filemanager
2024-04-14 03:32:20,158 [INFO] PluginManage:359 - Loaded plugin filemanager (category:base,tabindex:10)
2024-04-14 03:32:20,158 [INFO] PluginManage:310 - Check plugin ipmanager
2024-04-14 03:32:20,166 [INFO] PluginManage:359 - Loaded plugin ipmanager (category:base,tabindex:5)
2024-04-14 03:32:20,166 [INFO] PluginManage:310 - Check plugin lpbam
2024-04-14 03:32:20,176 [INFO] PluginManage:359 - Loaded plugin lpbam (category:base,tabindex:0)
2024-04-14 03:32:20,176 [INFO] PluginManage:310 - Check plugin memorymap
2024-04-14 03:32:20,198 [INFO] PluginManage:359 - Loaded plugin memorymap (category:base,tabindex:4)
2024-04-14 03:32:20,199 [INFO] PluginManage:310 - Check plugin pinoutandconfiguration
2024-04-14 03:32:20,213 [INFO] PluginManage:359 - Loaded plugin pinoutandconfiguration (category:base,tabindex:1)
2024-04-14 03:32:20,214 [INFO] PluginManage:310 - Check plugin pinoutconfig
2024-04-14 03:32:20,377 [WARN] SupportedApi:132 - Cannot load RTOS API schema: s4s-elt-must-match.1: The content of 'definitions' must match (annotation?, (simpleType | complexType)?, (unique | key | keyref)*)). A problem was found starting at: attribute.
2024-04-14 03:32:20,537 [INFO] PluginManage:359 - Loaded plugin pinoutconfig (category:base,tabindex:0)
2024-04-14 03:32:20,538 [INFO] PluginManage:310 - Check plugin power
2024-04-14 03:32:20,551 [INFO] PluginManage:359 - Loaded plugin power (category:power,tabindex:4)
2024-04-14 03:32:20,551 [INFO] PluginManage:310 - Check plugin projectmanager
2024-04-14 03:32:20,568 [INFO] PluginManage:359 - Loaded plugin projectmanager (category:projectmanager,tabindex:3)
2024-04-14 03:32:20,568 [INFO] PluginManage:310 - Check plugin thirdparty
2024-04-14 03:32:20,715 [WARN] IntegrityCheckThread:84 - waiting for thirdparty lock release [integrity check]
2024-04-14 03:32:20,716 [INFO] IntegrityCheckThread:86 - entering critical section [integrity check]
2024-04-14 03:32:20,717 [INFO] PluginManage:359 - Loaded plugin thirdparty (category:base,tabindex:-1)
2024-04-14 03:32:20,717 [INFO] ThirdPartyUpdaterWithRetryManager:70 - Updater plugin not ready yet. [1/15]
2024-04-14 03:32:20,717 [INFO] PluginManage:310 - Check plugin tools
2024-04-14 03:32:20,721 [INFO] PluginManage:359 - Loaded plugin tools (category:base,tabindex:7)
2024-04-14 03:32:20,721 [INFO] PluginManage:310 - Check plugin tutovideos
2024-04-14 03:32:20,886 [INFO] PluginManage:359 - Loaded plugin tutovideos (category:base,tabindex:-1)
2024-04-14 03:32:20,886 [INFO] PluginManage:310 - Check plugin updater
2024-04-14 03:32:20,897 [INFO] PluginManage:359 - Loaded plugin updater (category:base,tabindex:12)
2024-04-14 03:32:20,897 [INFO] PluginManage:310 - Check plugin userauth
2024-04-14 03:32:20,903 [INFO] UserAuth:113 - Init User Auth plugin
2024-04-14 03:32:20,903 [INFO] PluginManage:359 - Loaded plugin userauth (category:base,tabindex:14)
2024-04-14 03:32:20,903 [INFO] PluginManage:283 - PluginManage : Loaded plugins [17]
2024-04-14 03:32:21,131 [INFO] PinOutPanel:1499 - setPackage(No Configuration,No Configuration)
2024-04-14 03:32:21,243 [INFO] CADModel:165 - CPN selected for project level
2024-04-14 03:32:21,244 [INFO] CADModel:114 - Register for checkConnection events
2024-04-14 03:32:21,258 [INFO] IPUIPlugin:80 - create IPUIPlugin
2024-04-14 03:32:21,258 [INFO] PluginManager:220 - loadIPPluginJar : add adc
2024-04-14 03:32:21,260 [INFO] IPUIPlugin:80 - create IPUIPlugin
2024-04-14 03:32:21,261 [INFO] PluginManager:220 - loadIPPluginJar : add aes
2024-04-14 03:32:21,263 [INFO] IPUIPlugin:80 - create IPUIPlugin
2024-04-14 03:32:21,263 [INFO] PluginManager:220 - loadIPPluginJar : add can
2024-04-14 03:32:21,265 [INFO] IPUIPlugin:80 - create IPUIPlugin
2024-04-14 03:32:21,265 [INFO] PluginManager:220 - loadIPPluginJar : add comp
2024-04-14 03:32:21,267 [INFO] IPUIPlugin:80 - create IPUIPlugin
2024-04-14 03:32:21,267 [INFO] PluginManager:220 - loadIPPluginJar : add cryp
2024-04-14 03:32:21,269 [INFO] IPUIPlugin:80 - create IPUIPlugin
2024-04-14 03:32:21,269 [INFO] PluginManager:220 - loadIPPluginJar : add dfsdm
2024-04-14 03:32:21,275 [INFO] IPUIPlugin:80 - create IPUIPlugin
2024-04-14 03:32:21,275 [INFO] PluginManager:220 - loadIPPluginJar : add dma
2024-04-14 03:32:21,279 [INFO] IPUIPlugin:80 - create IPUIPlugin
2024-04-14 03:32:21,279 [INFO] PluginManager:220 - loadIPPluginJar : add dma3
2024-04-14 03:32:21,281 [INFO] IPUIPlugin:80 - create IPUIPlugin
2024-04-14 03:32:21,281 [INFO] PluginManager:220 - loadIPPluginJar : add fatfs
2024-04-14 03:32:21,285 [INFO] IPUIPlugin:80 - create IPUIPlugin
2024-04-14 03:32:21,285 [INFO] PluginManager:220 - loadIPPluginJar : add fmc
2024-04-14 03:32:21,290 [INFO] IPUIPlugin:80 - create IPUIPlugin
2024-04-14 03:32:21,291 [INFO] PluginManager:220 - loadIPPluginJar : add freertos
2024-04-14 03:32:21,293 [INFO] IPUIPlugin:80 - create IPUIPlugin
2024-04-14 03:32:21,293 [INFO] PluginManager:220 - loadIPPluginJar : add genericplugin
2024-04-14 03:32:21,295 [INFO] IPUIPlugin:80 - create IPUIPlugin
2024-04-14 03:32:21,295 [INFO] PluginManager:220 - loadIPPluginJar : add gfxmmu
2024-04-14 03:32:21,300 [INFO] IPUIPlugin:80 - create IPUIPlugin
2024-04-14 03:32:21,300 [INFO] PluginManager:220 - loadIPPluginJar : add gic
2024-04-14 03:32:21,303 [INFO] IPUIPlugin:80 - create IPUIPlugin
2024-04-14 03:32:21,303 [INFO] PluginManager:220 - loadIPPluginJar : add gpio
2024-04-14 03:32:21,306 [INFO] IPUIPlugin:80 - create IPUIPlugin
2024-04-14 03:32:21,306 [INFO] PluginManager:220 - loadIPPluginJar : add gtzc
2024-04-14 03:32:21,308 [INFO] IPUIPlugin:80 - create IPUIPlugin
2024-04-14 03:32:21,308 [INFO] PluginManager:220 - loadIPPluginJar : add hash
2024-04-14 03:32:21,310 [INFO] IPUIPlugin:80 - create IPUIPlugin
2024-04-14 03:32:21,310 [INFO] PluginManager:220 - loadIPPluginJar : add i2c
2024-04-14 03:32:21,312 [INFO] IPUIPlugin:80 - create IPUIPlugin
2024-04-14 03:32:21,313 [INFO] PluginManager:220 - loadIPPluginJar : add i2s
2024-04-14 03:32:21,315 [INFO] IPUIPlugin:80 - create IPUIPlugin
2024-04-14 03:32:21,315 [INFO] PluginManager:220 - loadIPPluginJar : add i3c
2024-04-14 03:32:21,318 [INFO] IPUIPlugin:80 - create IPUIPlugin
2024-04-14 03:32:21,318 [INFO] PluginManager:220 - loadIPPluginJar : add ipddr
2024-04-14 03:32:21,324 [INFO] IPUIPlugin:80 - create IPUIPlugin
2024-04-14 03:32:21,324 [INFO] PluginManager:220 - loadIPPluginJar : add linkedlist
2024-04-14 03:32:21,329 [INFO] IPUIPlugin:80 - create IPUIPlugin
2024-04-14 03:32:21,329 [INFO] PluginManager:220 - loadIPPluginJar : add lorawan
2024-04-14 03:32:21,330 [INFO] IPUIPlugin:80 - create IPUIPlugin
2024-04-14 03:32:21,330 [INFO] PluginManager:220 - loadIPPluginJar : add ltdc
2024-04-14 03:32:21,335 [INFO] IPUIPlugin:80 - create IPUIPlugin
2024-04-14 03:32:21,335 [INFO] PluginManager:220 - loadIPPluginJar : add mdma
2024-04-14 03:32:21,339 [INFO] IPUIPlugin:80 - create IPUIPlugin
2024-04-14 03:32:21,339 [INFO] PluginManager:220 - loadIPPluginJar : add nvic
2024-04-14 03:32:21,343 [INFO] IPUIPlugin:80 - create IPUIPlugin
2024-04-14 03:32:21,343 [INFO] PluginManager:220 - loadIPPluginJar : add opamp
2024-04-14 03:32:21,347 [INFO] IPUIPlugin:80 - create IPUIPlugin
2024-04-14 03:32:21,348 [INFO] PluginManager:220 - loadIPPluginJar : add openamp
2024-04-14 03:32:21,351 [INFO] IPUIPlugin:80 - create IPUIPlugin
2024-04-14 03:32:21,351 [INFO] PluginManager:220 - loadIPPluginJar : add pdm2pcm
2024-04-14 03:32:21,356 [INFO] IPUIPlugin:80 - create IPUIPlugin
2024-04-14 03:32:21,359 [INFO] PluginManager:220 - loadIPPluginJar : add plateformsettings
2024-04-14 03:32:21,362 [INFO] IPUIPlugin:80 - create IPUIPlugin
2024-04-14 03:32:21,362 [INFO] PluginManager:220 - loadIPPluginJar : add quadspi
2024-04-14 03:32:21,369 [INFO] IPUIPlugin:80 - create IPUIPlugin
2024-04-14 03:32:21,370 [INFO] PluginManager:220 - loadIPPluginJar : add resmgrutility
2024-04-14 03:32:21,374 [INFO] IPUIPlugin:80 - create IPUIPlugin
2024-04-14 03:32:21,374 [INFO] PluginManager:220 - loadIPPluginJar : add sai
2024-04-14 03:32:21,377 [INFO] IPUIPlugin:80 - create IPUIPlugin
2024-04-14 03:32:21,377 [INFO] PluginManager:220 - loadIPPluginJar : add spi
2024-04-14 03:32:21,383 [INFO] IPUIPlugin:80 - create IPUIPlugin
2024-04-14 03:32:21,383 [INFO] PluginManager:220 - loadIPPluginJar : add stm32_wpan
2024-04-14 03:32:21,386 [INFO] IPUIPlugin:80 - create IPUIPlugin
2024-04-14 03:32:21,386 [INFO] PluginManager:220 - loadIPPluginJar : add tim
2024-04-14 03:32:21,389 [INFO] IPUIPlugin:80 - create IPUIPlugin
2024-04-14 03:32:21,389 [INFO] PluginManager:220 - loadIPPluginJar : add touchsensing
2024-04-14 03:32:21,391 [INFO] IPUIPlugin:80 - create IPUIPlugin
2024-04-14 03:32:21,391 [INFO] PluginManager:220 - loadIPPluginJar : add tracer_emb
2024-04-14 03:32:21,393 [INFO] IPUIPlugin:80 - create IPUIPlugin
2024-04-14 03:32:21,393 [INFO] PluginManager:220 - loadIPPluginJar : add ts
2024-04-14 03:32:21,394 [INFO] IPUIPlugin:80 - create IPUIPlugin
2024-04-14 03:32:21,394 [INFO] PluginManager:220 - loadIPPluginJar : add tsc
2024-04-14 03:32:21,397 [INFO] IPUIPlugin:80 - create IPUIPlugin
2024-04-14 03:32:21,397 [INFO] PluginManager:220 - loadIPPluginJar : add ucpd
2024-04-14 03:32:21,400 [INFO] IPUIPlugin:80 - create IPUIPlugin
2024-04-14 03:32:21,400 [INFO] PluginManager:220 - loadIPPluginJar : add usart
2024-04-14 03:32:21,403 [INFO] IPUIPlugin:80 - create IPUIPlugin
2024-04-14 03:32:21,403 [INFO] PluginManager:220 - loadIPPluginJar : add usbx
2024-04-14 03:32:21,537 [INFO] CADModel:165 - CPN selected for project level
2024-04-14 03:32:21,537 [INFO] CADModel:114 - Register for checkConnection events
2024-04-14 03:32:21,537 [FATAL] Updater:308 - Updater called before beeing initialized
2024-04-14 03:32:21,537 [ERROR] CADModel:125 - Updater not yet initialized, retry later 
2024-04-14 03:32:21,701 [INFO] CADModel:165 - CPN selected for project level
2024-04-14 03:32:21,701 [INFO] CADModel:114 - Register for checkConnection events
2024-04-14 03:32:21,701 [FATAL] Updater:308 - Updater called before beeing initialized
2024-04-14 03:32:21,701 [ERROR] CADModel:125 - Updater not yet initialized, retry later 
2024-04-14 03:32:21,704 [FATAL] Updater:308 - Updater called before beeing initialized
2024-04-14 03:32:21,823 [FATAL] Updater:308 - Updater called before beeing initialized
2024-04-14 03:32:21,828 [INFO] DbMcusAds:53 - JSON generation date=Wed Nov 29 17:52:27 ICT 2023 (1701255147349)
2024-04-14 03:32:21,828 [FATAL] Updater:308 - Updater called before beeing initialized
2024-04-14 03:32:21,867 [WARN] DetailPanel:346 - Failed to get advertising image, set to default
2024-04-14 03:32:21,974 [FATAL] Updater:308 - Updater called before beeing initialized
2024-04-14 03:32:21,975 [FATAL] Updater:308 - Updater called before beeing initialized
2024-04-14 03:32:21,975 [FATAL] Updater:308 - Updater called before beeing initialized
2024-04-14 03:32:21,975 [WARN] DetailPanel:346 - Failed to get advertising image, set to default
2024-04-14 03:32:21,976 [FATAL] Updater:308 - Updater called before beeing initialized
2024-04-14 03:32:22,034 [ERROR] Updater:1120 - MainUpdater not yet initialized. External WinMGr cannot be set.
2024-04-14 03:32:22,038 [INFO] Updater:1056 - Updater Version found : 6.9.2
2024-04-14 03:32:22,062 [INFO] ApplicationProperties:184 - Using Application install path: C:\ST\STM32CubeIDE_1.13.2\STM32CubeIDE\plugins\com.st.stm32cube.common.mx_6.9.2.202309101412
2024-04-14 03:32:22,203 [INFO] MainUpdater:2868 - connection check result : 10
2024-04-14 03:32:22,203 [INFO] MainUpdater:285 - Updater Check For Update Now.
2024-04-14 03:32:22,205 [INFO] MicroXplorer:498 - Change Database Version : DB.6.0.92
2024-04-14 03:32:22,215 [INFO] McuFinderGlobals:63 - Set McuFinder mode to 2 (CubeIDE integrated)
2024-04-14 03:32:22,216 [INFO] UserAuth:179 - activating auth plugin
2024-04-14 03:32:22,218 [INFO] UserAuth:393 - Internet connection configuration mode: 1
2024-04-14 03:32:22,249 [INFO] JxBrowserEngine:151 - Initiate JxBrowser Engine with user profile folder
2024-04-14 03:32:22,416 [INFO] CheckServerUpdateThread:120 - End of CheckServer Thread
2024-04-14 03:32:23,716 [INFO] WebApp:157 - Instantiating new browser for Auth
2024-04-14 03:32:23,991 [WARN] PackLoader:240 - Cannot read IP mode file for STMicroelectronics.X-CUBE-SMBUS.2.1.0
2024-04-14 03:32:24,010 [WARN] PackLoader:240 - Cannot read IP mode file for STMicroelectronics.X-CUBE-TOUCHGFX.4.23.0
2024-04-14 03:32:24,014 [WARN] PackLoader:240 - Cannot read IP mode file for STMicroelectronics.X-CUBE-TOUCHGFX.4.23.2
2024-04-14 03:32:24,058 [WARN] PackLoader:240 - Cannot read IP mode file for STMicroelectronics.X-CUBE-AZRTOS-F7.1.1.0
2024-04-14 03:32:24,071 [WARN] PackLoader:240 - Cannot read IP mode file for STMicroelectronics.FP-SNS-MOTENV1.4.3.2
2024-04-14 03:32:24,078 [WARN] PackLoader:240 - Cannot read IP mode file for STMicroelectronics.FP-SNS-FLIGHT1.5.0.2
2024-04-14 03:32:24,093 [WARN] PackLoader:240 - Cannot read IP mode file for STMicroelectronics.X-CUBE-DISPLAY.3.0.0
2024-04-14 03:32:24,109 [WARN] PackLoader:240 - Cannot read IP mode file for STMicroelectronics.X-CUBE-BLE1.7.0.0
2024-04-14 03:32:24,115 [WARN] PackLoader:240 - Cannot read IP mode file for emotas.I-CUBE-CANOPEN.1.3.0
2024-04-14 03:32:24,119 [WARN] PackLoader:240 - Cannot read IP mode file for STMicroelectronics.X-CUBE-TOUCHGFX.4.22.1
2024-04-14 03:32:24,133 [WARN] PackLoader:240 - Cannot read IP mode file for STMicroelectronics.X-CUBE-BLEMGR.3.1.0
2024-04-14 03:32:24,143 [WARN] PackLoader:240 - Cannot read IP mode file for STMicroelectronics.FP-SNS-SMARTAG2.1.2.0
2024-04-14 03:32:24,158 [INFO] LogOutputStream:77 - [STDOUT_REDIRECT] 1 : Invalid condition id : UX_CORESTACK_Condition cause : null
2024-04-14 03:32:24,159 [INFO] LogOutputStream:77 - [STDOUT_REDIRECT] 1 : Invalid condition id : UX_CORESTACK_Condition cause : null
2024-04-14 03:32:24,161 [INFO] LogOutputStream:77 - [STDOUT_REDIRECT] 1 : Invalid condition id : UX_CORESTACK_Condition cause : null
2024-04-14 03:32:24,162 [INFO] LogOutputStream:77 - [STDOUT_REDIRECT] 1 : Invalid condition id : UX_CORESTACK_Condition cause : null
2024-04-14 03:32:24,164 [INFO] LogOutputStream:77 - [STDOUT_REDIRECT] 1 : Invalid condition id : UX_CORESTACK_Condition cause : null
2024-04-14 03:32:24,172 [WARN] PackLoader:240 - Cannot read IP mode file for STMicroelectronics.X-CUBE-AZRTOS-WL.2.0.0
2024-04-14 03:32:24,178 [WARN] PackLoader:240 - Cannot read IP mode file for STMicroelectronics.FP-SNS-MOTENV1.5.0.0
2024-04-14 03:32:24,189 [WARN] PackLoader:240 - Cannot read IP mode file for WES.I-CUBE-Cesium.1.3.0
2024-04-14 03:32:24,194 [WARN] PackLoader:240 - Cannot read IP mode file for STMicroelectronics.X-CUBE-BLE2.3.3.0
2024-04-14 03:32:24,201 [WARN] PackLoader:240 - Cannot read IP mode file for STMicroelectronics.X-CUBE-TCPP.4.1.0
2024-04-14 03:32:24,211 [WARN] PackLoader:240 - Cannot read IP mode file for STMicroelectronics.X-CUBE-ALGOBUILD.1.3.0
2024-04-14 03:32:24,230 [WARN] PackLoader:240 - Cannot read IP mode file for STMicroelectronics.X-CUBE-AZRTOS-G0.1.1.0
2024-04-14 03:32:24,241 [WARN] PackLoader:240 - Cannot read IP mode file for STMicroelectronics.X-CUBE-SAFEA1.1.2.2
2024-04-14 03:32:24,247 [WARN] PackLoader:240 - Cannot read IP mode file for STMicroelectronics.X-CUBE-NFC4.3.0.0
2024-04-14 03:32:24,256 [WARN] PackLoader:240 - Cannot read IP mode file for STMicroelectronics.X-CUBE-BLEMGR.3.0.0
2024-04-14 03:32:24,267 [WARN] PackLoader:240 - Cannot read IP mode file for STMicroelectronics.FP-ATR-SIGFOX1.3.2.0
2024-04-14 03:32:24,278 [WARN] PackLoader:240 - Cannot read IP mode file for STMicroelectronics.X-CUBE-EEPRMA1.5.1.0
2024-04-14 03:32:24,347 [WARN] PackLoader:240 - Cannot read IP mode file for SEGGER.I-CUBE-embOS.1.3.1
2024-04-14 03:32:24,415 [WARN] PackLoader:240 - Cannot read IP mode file for STMicroelectronics.X-CUBE-GNSS1.6.0.0
2024-04-14 03:32:24,438 [WARN] PackLoader:240 - Cannot read IP mode file for STMicroelectronics.X-CUBE-AZRTOS-F4.1.1.0
2024-04-14 03:32:24,449 [WARN] PackLoader:240 - Cannot read IP mode file for wolfSSL.I-CUBE-wolfSSL.5.6.3
2024-04-14 03:32:24,469 [WARN] PackLoader:240 - Cannot read IP mode file for STMicroelectronics.X-CUBE-AZRTOS-L5.2.0.0
2024-04-14 03:32:24,476 [WARN] PackLoader:240 - Cannot read IP mode file for STMicroelectronics.X-CUBE-EEPRMA1.4.2.0
2024-04-14 03:32:24,487 [WARN] PackLoader:240 - Cannot read IP mode file for STMicroelectronics.X-CUBE-NFC6.3.1.0
2024-04-14 03:32:24,497 [WARN] PackLoader:240 - Cannot read IP mode file for ITTIA_DB.I-CUBE-ITTIADB.8.8.0
2024-04-14 03:32:24,511 [WARN] PackLoader:240 - Cannot read IP mode file for STMicroelectronics.X-CUBE-BLEMGR.2.0.0
2024-04-14 03:32:24,535 [WARN] ConditionMgr:438 - getConditionDescription Invalid condition id : UX DEVICE CLASS RTOS Condition cause : null
2024-04-14 03:32:24,536 [WARN] ConditionMgr:438 - getConditionDescription Invalid condition id : UX DEVICE CLASS RTOS Condition cause : null
2024-04-14 03:32:24,540 [WARN] PackLoader:240 - Cannot read IP mode file for STMicroelectronics.X-CUBE-AZRTOS-H7.3.1.0
2024-04-14 03:32:24,541 [WARN] ConditionMgr:1039 - genDependencies : Invalid condition id : UX DEVICE CLASS RTOS Condition cause : null
2024-04-14 03:32:24,541 [WARN] ConditionMgr:1039 - genDependencies : Invalid condition id : UX DEVICE CLASS RTOS Condition cause : null
2024-04-14 03:32:24,543 [WARN] ConditionMgr:1039 - genDependencies : Invalid condition id : UX DEVICE CLASS RTOS Condition cause : null
2024-04-14 03:32:24,543 [WARN] ConditionMgr:1039 - genDependencies : Invalid condition id : UX DEVICE CLASS RTOS Condition cause : null
2024-04-14 03:32:24,543 [WARN] ConditionMgr:1039 - genDependencies : Invalid condition id : UX DEVICE CLASS RTOS Condition cause : null
2024-04-14 03:32:24,555 [WARN] PackLoader:240 - Cannot read IP mode file for STMicroelectronics.X-CUBE-NFC7.1.0.1
2024-04-14 03:32:24,563 [WARN] PackLoader:240 - Cannot read IP mode file for STMicroelectronics.X-CUBE-NFC6.3.0.0
2024-04-14 03:32:24,579 [WARN] PackLoader:240 - Cannot read IP mode file for STMicroelectronics.X-CUBE-EEPRMA1.4.1.0
2024-04-14 03:32:24,587 [WARN] PackLoader:240 - Cannot read IP mode file for STMicroelectronics.X-CUBE-AI.8.1.0
2024-04-14 03:32:24,607 [WARN] ConditionMgr:438 - getConditionDescription Invalid condition id : LAN8742 Phy interface Condition cause : null
2024-04-14 03:32:24,608 [WARN] PackLoader:240 - Cannot read IP mode file for STMicroelectronics.X-CUBE-AZRTOS-L4.2.0.0
2024-04-14 03:32:24,609 [WARN] ConditionMgr:1039 - genDependencies : Invalid condition id : LAN8742 Phy interface Condition cause : null
2024-04-14 03:32:24,609 [WARN] ConditionMgr:1039 - genDependencies : Invalid condition id : LAN8742 Phy interface Condition cause : null
2024-04-14 03:32:24,610 [WARN] ConditionMgr:1039 - genDependencies : Invalid condition id : LAN8742 Phy interface Condition cause : null
2024-04-14 03:32:24,619 [WARN] PackLoader:240 - Cannot read IP mode file for STMicroelectronics.X-CUBE-SFXS2LP1.4.0.0
2024-04-14 03:32:24,624 [WARN] PackLoader:240 - Cannot read IP mode file for STMicroelectronics.X-CUBE-ISPU.1.1.0
2024-04-14 03:32:24,643 [WARN] ConditionMgr:438 - getConditionDescription Invalid condition id : UX DEVICE CLASS RTOS Condition cause : null
2024-04-14 03:32:24,645 [WARN] ConditionMgr:438 - getConditionDescription Invalid condition id : UX DEVICE CLASS RTOS Condition cause : null
2024-04-14 03:32:24,648 [WARN] PackLoader:240 - Cannot read IP mode file for STMicroelectronics.X-CUBE-AZRTOS-WB.2.0.0
2024-04-14 03:32:24,649 [WARN] ConditionMgr:1039 - genDependencies : Invalid condition id : UX DEVICE CLASS RTOS Condition cause : null
2024-04-14 03:32:24,649 [WARN] ConditionMgr:1039 - genDependencies : Invalid condition id : UX DEVICE CLASS RTOS Condition cause : null
2024-04-14 03:32:24,650 [WARN] ConditionMgr:1039 - genDependencies : Invalid condition id : UX DEVICE CLASS RTOS Condition cause : null
2024-04-14 03:32:24,650 [WARN] ConditionMgr:1039 - genDependencies : Invalid condition id : UX DEVICE CLASS RTOS Condition cause : null
2024-04-14 03:32:24,650 [WARN] ConditionMgr:1039 - genDependencies : Invalid condition id : UX DEVICE CLASS RTOS Condition cause : null
2024-04-14 03:32:24,662 [WARN] PackLoader:240 - Cannot read IP mode file for STMicroelectronics.X-CUBE-SUBG2.5.0.0
2024-04-14 03:32:24,678 [WARN] PackLoader:240 - Cannot read IP mode file for STMicroelectronics.X-CUBE-TOF1.3.3.1
2024-04-14 03:32:24,700 [WARN] PackLoader:240 - Cannot read IP mode file for STMicroelectronics.X-CUBE-AZRTOS-G4.2.0.0
2024-04-14 03:32:24,716 [WARN] PackLoader:240 - Cannot read IP mode file for Infineon.AIROC-Wi-Fi-Bluetooth-STM32.1.5.1
2024-04-14 03:32:24,723 [WARN] PackLoader:240 - Cannot read IP mode file for STMicroelectronics.FP-SNS-MOTENVWB1.1.3.0
2024-04-14 03:32:24,727 [WARN] PackLoader:240 - Cannot read IP mode file for STMicroelectronics.FP-SNS-MOTENVWB1.1.3.1
2024-04-14 03:32:24,730 [WARN] PackLoader:240 - Cannot read IP mode file for STMicroelectronics.X-CUBE-ISPU.2.0.0
2024-04-14 03:32:24,759 [INFO] WebApp:753 - Register for checkConnection events
2024-04-14 03:32:24,759 [INFO] WebApp:390 - Apply proxy settings
2024-04-14 03:32:24,759 [INFO] WebApp:475 - Chromium requires no authentication
2024-04-14 03:32:24,765 [WARN] PackLoader:240 - Cannot read IP mode file for STMicroelectronics.X-CUBE-MEMS1.10.0.0
2024-04-14 03:32:24,771 [INFO] WebApp:418 - Direct internet connection detected
2024-04-14 03:32:24,909 [WARN] PackLoader:240 - Cannot read IP mode file for STMicroelectronics.X-CUBE-FREERTOS.1.1.0
2024-04-14 03:32:24,914 [WARN] PackLoader:240 - Cannot read IP mode file for portGmbH.I-Cube-SoM-uGOAL.1.1.0
2024-04-14 03:32:24,920 [WARN] PackLoader:240 - Cannot read IP mode file for STMicroelectronics.X-CUBE-ALS.1.0.1
2024-04-14 03:32:24,924 [WARN] PackLoader:240 - Cannot read IP mode file for STMicroelectronics.FP-ATR-ASTRA1.2.0.0
2024-04-14 03:32:24,932 [WARN] PackLoader:240 - Cannot read IP mode file for STMicroelectronics.X-CUBE-TOF1.3.4.0
2024-04-14 03:32:24,952 [WARN] PackLoader:240 - Cannot read IP mode file for STMicroelectronics.X-CUBE-TOF1.3.4.1
2024-04-14 03:32:24,978 [WARN] PackLoader:240 - Cannot read IP mode file for STMicroelectronics.X-CUBE-AZRTOS-H7.3.2.0
2024-04-14 03:32:24,980 [INFO] ThirdParty:978 - Integrity check success = true
2024-04-14 03:32:24,981 [INFO] IntegrityCheckThread:100 - exiting critical section [integrity check]
2024-04-14 03:32:24,981 [INFO] IntegrityCheckThread:103 - End integrity checks thread
2024-04-14 03:32:25,066 [INFO] WebApp:188 - Starting web application
2024-04-14 03:32:25,066 [INFO] WebApp:520 - Web application path used C:\ST\STM32CubeIDE_1.13.2\STM32CubeIDE\plugins\com.st.stm32cube.common.mx_6.9.2.202309101412\db\plugins\mcufinder\reactClient1\index.html
2024-04-14 03:32:45,923 [ERROR] LogOutputStream:75 - [STDERR_REDIRECT] SLF4J: Failed to load class "org.slf4j.impl.StaticLoggerBinder".
2024-04-14 03:32:45,924 [ERROR] LogOutputStream:75 - [STDERR_REDIRECT] SLF4J: Defaulting to no-operation (NOP) logger implementation
2024-04-14 03:32:45,927 [ERROR] LogOutputStream:75 - [STDERR_REDIRECT] SLF4J: See http://www.slf4j.org/codes.html#StaticLoggerBinder for further details.
2024-04-14 03:33:12,481 [INFO] McuFinderGlobals:63 - Set McuFinder mode to 2 (CubeIDE integrated)
2024-04-14 03:33:12,483 [INFO] MainUpdater:2868 - connection check result : 10
2024-04-14 03:33:12,939 [INFO] ApiDb:581 - Connected to CubeFinder SQLite database (C:\Users\Phatt\.stmcufinder\plugins\mcufinder\mcu\cube-finder-db.db)
2024-04-14 03:33:13,045 [INFO] ApiDb:668 - CubeFinder database Data Model version=2.1
2024-04-14 03:33:13,046 [INFO] ApiDb:669 - CubeFinder database Configuration version=3.0.39
2024-04-14 03:33:13,046 [INFO] ApiDb:670 - CubeFinder database generation date=2024-03-25 (1711369621)
2024-04-14 03:33:13,046 [INFO] ApiDb:671 - CubeFinder database FW Pack versions=[FP-ATR-ASTRA1_V2.0.0, FP-SNS-FLIGHT1_V5.0.1, FP-SNS-FLIGHT1_V5.0.2, FP-SNS-MOTENV1_V4.3.1, FP-SNS-MOTENV1_V4.3.2, FP-SNS-MOTENVWB1_V1.3.1, FP-SNS-SMARTAG2_V1.2.0, STM32Cube_FW_C0_V1.1.0, STM32Cube_FW_F4_V1.28.0, STM32Cube_FW_F7_V1.17.0, STM32Cube_FW_G0_V1.6.2, STM32Cube_FW_G4_V1.5.2, STM32Cube_FW_H5_V0.5.1, STM32Cube_FW_H5_V1.1.1, STM32Cube_FW_H5_V1.2.0, STM32Cube_FW_H5_V1.2.0RC4, STM32Cube_FW_H7RS_V1.0.0, STM32Cube_FW_H7RS_V1.0.0RC4, STM32Cube_FW_H7_V1.11.0, STM32Cube_FW_L0_V1.12.2, STM32Cube_FW_L5_V1.5.1, STM32Cube_FW_U0_V1.0.0, STM32Cube_FW_U0_V1.0.0RC1, STM32Cube_FW_U5_V1.3.0RC4, STM32Cube_FW_U5_V1.5.0, STM32Cube_FW_U5_V1.5.0RC1, STM32Cube_FW_WBA_V1.0.0RC1, STM32Cube_FW_WBA_V1.2.0, STM32Cube_FW_WBA_V1.2.0RC2, STM32Cube_FW_WBA_V1.3.0, STM32Cube_FW_WBA_V1.3.0RC1, STM32Cube_FW_WB_V1.15.0RC1, STM32Cube_FW_WB_V1.16.0, STM32Cube_FW_WB_V1.16.0RC2, STM32Cube_FW_WB_V1.18.0, STM32Cube_FW_WB_V1.19.0, STM32Cube_FW_WL_V1.3.0, X-CUBE-ALGOBUILD_V1.3.0, X-CUBE-ALS_V1.0.1, X-CUBE-AZRTOS-F4_V1.1.0, X-CUBE-AZRTOS-F7_V1.1.0, X-CUBE-AZRTOS-G0_V1.1.0, X-CUBE-AZRTOS-G4_V2.0.0, X-CUBE-AZRTOS-H7_V3.2.0, X-CUBE-AZRTOS-L4_V1.0.0, X-CUBE-AZRTOS-L4_V2.0.0, X-CUBE-AZRTOS-L5_V1.1.0, X-CUBE-AZRTOS-WB_V2.0.0, X-CUBE-AZRTOS-WL_V2.0.0, X-CUBE-BLE1_V7.0.0, X-CUBE-BLE2_V3.3.0, X-CUBE-BLEMGR_V3.1.0, X-CUBE-EEPRMA1_V4.1.0, X-CUBE-EEPRMA1_V5.1.0, X-CUBE-FREERTOS_V1.1.0, X-CUBE-GNSS1_V6.0.0, X-CUBE-MEMS1_V10.0.0, X-CUBE-MEMS1_V9.1.0, X-CUBE-MEMS1_V9.4.0, X-CUBE-MEMS1_V9.6.0, X-CUBE-NFC4_V3.0.0, X-CUBE-NFC7_V1.0.1, X-CUBE-SFXS2LP1_V4.0.0, X-CUBE-SUBG2_V5.0.0, X-CUBE-TOF1_V3.4.0]
2024-04-14 03:33:13,140 [INFO] DbBoardsSqlite:226 - include board P-NUCLEO-WB55-NUCLEO as a kit item of type 'Nucleo-64'
2024-04-14 03:33:13,142 [INFO] DbBoardsSqlite:226 - include board P-NUCLEO-WB55-USBDONGLE as a kit item of type 'Nucleo USB Dongle'
2024-04-14 03:33:13,142 [INFO] DbBoardsSqlite:226 - include board STEVAL-IDP005V1 as a kit item of type 'Evaluation Board'
2024-04-14 03:33:13,142 [INFO] DbBoardsSqlite:226 - include board STEVAL-IDP005V2 as a kit item of type 'Evaluation Board'
2024-04-14 03:33:13,220 [INFO] ApiDb:240 - Found 323 in-development CPN: [B-G473E-ZEST1S, B-WB1M-WPAN1, B-WL5M-SUBG1, NUCLEO-C031C6, NUCLEO-H503RB, NUCLEO-H563ZI, NUCLEO-U545RE-Q, NUCLEO-U5A5ZJ-Q, NUCLEO-WBA52CG, STEVAL-PROTEUS1, STEVAL-SMARTAG2, STEVAL-STWINBX1, STM320518-EVAL, STM32C0116-DK, STM32C011D6Y3TR, STM32C011D6Y6TR, STM32C011F4P3, STM32C011F4P6, STM32C011F4U3, STM32C011F4U6TR, STM32C011F6P3, STM32C011F6P6, STM32C011F6U3, STM32C011F6U6TR, STM32C011J4M3, STM32C011J4M6, STM32C011J6M3, STM32C011J6M6, STM32C0316-DK, STM32C031C4T3, STM32C031C4T6, STM32C031C4U3, STM32C031C4U6, STM32C031C6T3, STM32C031C6T6, STM32C031C6U3, STM32C031C6U6, STM32C031F4P3, STM32C031F4P6, STM32C031F6P3, STM32C031F6P6, STM32C031G4U3, STM32C031G4U6, STM32C031G6U3, STM32C031G6U6, STM32C031K4T3, STM32C031K4T6, STM32C031K4U3, STM32C031K4U6, STM32C031K6T3, STM32C031K6T6, STM32C031K6U3, STM32C031K6U6, STM32G071K8TXN, STM32G071K8UXN, STM32G081GBU6N, STM32G081KBT6N, STM32G081KBUXN, STM32G0B1CCT6N, STM32G0B1KCT6, STM32G0B1NEY6TR, STM32G0B1RCT6N, STM32G0C1CCT6, STM32G0C1CCT6N, STM32G0C1CCU6N, STM32G0C1CET6N, STM32G0C1CEU6N, STM32G0C1KCT6, STM32G0C1NEY6TR, STM32G0C1RCI6N, STM32G0C1RCT6N, STM32G0C1REI6N, STM32G0C1RET6N, STM32G0C1VCI6, STM32G0C1VEI6, STM32G471CCT6, STM32G471CCU6, STM32G471CET3, STM32G471CET6, STM32G471CEU3, STM32G471CEU6, STM32G471MCT6, STM32G471MET3, STM32G471MET6, STM32G471MEY6TR, STM32G471QCT6, STM32G471QET3, STM32G471RCT6, STM32G471RET3, STM32G471RET6, STM32G471VCH6, STM32G471VCI6, STM32G471VCT6, STM32G471VEH3, STM32G471VEH6, STM32G471VEI3, STM32G471VEI6, STM32G471VET3, STM32G471VET6, STM32G474CCT6, STM32H503CBT6, STM32H503CBU6, STM32H503EBY6TR, STM32H503KBU6, STM32H503RBT6, STM32H562AGI6, STM32H562AII6, STM32H562IGK6, STM32H562IGT6, STM32H562IIK6, STM32H562IIT6, STM32H562RGT6, STM32H562RGV6, STM32H562RIT6, STM32H562RIV6, STM32H562VGT6, STM32H562VIT6, STM32H562ZGT6, STM32H562ZIT6, STM32H563AGI6, STM32H563AII3Q, STM32H563AII6, STM32H563IGK6, STM32H563IGT6, STM32H563IIK3Q, STM32H563IIK6, STM32H563IIT3Q, STM32H563IIT6, STM32H563MIY3QTR, STM32H563RGT6, STM32H563RGV6, STM32H563RIT6, STM32H563RIV6, STM32H563VGT6, STM32H563VIT3Q, STM32H563VIT6, STM32H563ZGT6, STM32H563ZIT3Q, STM32H563ZIT6, STM32H573AII3Q, STM32H573AII6, STM32H573I-DK, STM32H573IIK3Q, STM32H573IIK6, STM32H573IIT3Q, STM32H573IIT6, STM32H573MIY3QTR, STM32H573RIT6, STM32H573RIV6, STM32H573VIT3Q, STM32H573VIT6, STM32H573ZIT3Q, STM32H573ZIT6, STM32L4R5QGI6STR, STM32MP131AAE3, STM32MP131AAF3, STM32MP131AAG3, STM32MP131CAE3, STM32MP131CAF3, STM32MP131CAG3, STM32MP131DAE7, STM32MP131DAF7, STM32MP131DAG7, STM32MP131FAE7, STM32MP131FAF7, STM32MP131FAG7, STM32MP133AAE3, STM32MP133AAF3, STM32MP133AAG3, STM32MP133CAE3, STM32MP133CAF3, STM32MP133CAG3, STM32MP133DAE7, STM32MP133DAF7, STM32MP133DAG7, STM32MP133FAE7, STM32MP133FAF7, STM32MP133FAG7, STM32MP135AAE3, STM32MP135AAF3, STM32MP135AAG3, STM32MP135CAE3, STM32MP135CAF3, STM32MP135CAG3, STM32MP135DAE7, STM32MP135DAF7, STM32MP135DAG7, STM32MP135F-DK, STM32MP135FAE7, STM32MP135FAF7, STM32MP135FAF7T, STM32MP135FAF7U, STM32MP135FAG7, STM32U535CBT6, STM32U535CBT6Q, STM32U535CBU6, STM32U535CBU6Q, STM32U535CCT6, STM32U535CCT6Q, STM32U535CCU6, STM32U535CCU6Q, STM32U535CET6, STM32U535CET6Q, STM32U535CEU6, STM32U535CEU6Q, STM32U535JEY6QTR, STM32U535NCY6QTR, STM32U535NEY6QTR, STM32U535RBI6, STM32U535RBI6Q, STM32U535RBT6, STM32U535RBT6Q, STM32U535RCI6, STM32U535RCI6Q, STM32U535RCT6, STM32U535RCT6Q, STM32U535REI6, STM32U535REI6Q, STM32U535RET6, STM32U535RET6Q, STM32U535VCI6, STM32U535VCI6Q, STM32U535VCT6, STM32U535VCT6Q, STM32U535VEI6, STM32U535VEI6Q, STM32U535VET6, STM32U535VET6Q, STM32U545CET6, STM32U545CET6Q, STM32U545CEU6, STM32U545CEU6Q, STM32U545JEY6QTR, STM32U545NEY6QTR, STM32U545REI6, STM32U545REI6Q, STM32U545RET6, STM32U545RET6Q, STM32U545VEI6, STM32U545VEI6Q, STM32U545VET6, STM32U545VET6Q, STM32U595AIH6, STM32U595AIH6Q, STM32U595AJH6, STM32U595AJH6Q, STM32U595QII6, STM32U595QII6Q, STM32U595QJI6, STM32U595QJI6Q, STM32U595RIT6, STM32U595RIT6Q, STM32U595RJT6, STM32U595RJT6Q, STM32U595VIT6, STM32U595VIT6Q, STM32U595VJT6, STM32U595VJT6Q, STM32U595ZIT6, STM32U595ZIT6Q, STM32U595ZIY6QTR, STM32U595ZJT6, STM32U595ZJT6Q, STM32U595ZJY6QTR, STM32U599BJY6QTR, STM32U599NIH6Q, STM32U599NJH6Q, STM32U599VIT6Q, STM32U599VJT6, STM32U599VJT6Q, STM32U599ZIT6Q, STM32U599ZIY6QTR, STM32U599ZJT6Q, STM32U599ZJY6QTR, STM32U5A5AJH6, STM32U5A5AJH6Q, STM32U5A5QJI6, STM32U5A5QJI6Q, STM32U5A5RJT6, STM32U5A5RJT6Q, STM32U5A5VJT6, STM32U5A5VJT6Q, STM32U5A5ZJT6, STM32U5A5ZJT6Q, STM32U5A5ZJY6QTR, STM32U5A9BJY6QTR, STM32U5A9J-DK, STM32U5A9NJH6Q, STM32U5A9VJT6Q, STM32U5A9ZJT6Q, STM32U5A9ZJY6QTR, STM32U5F7VIT6, STM32U5F7VIT6Q, STM32U5F7VJT6, STM32U5F7VJT6Q, STM32U5F9BJY6QTR, STM32U5F9NJH6Q, STM32U5F9VIT6Q, STM32U5F9VJT6Q, STM32U5F9ZIJ6QTR, STM32U5F9ZIT6Q, STM32U5F9ZJJ6QTR, STM32U5F9ZJT6Q, STM32U5G7VJT6, STM32U5G7VJT6Q, STM32U5G9BJY6QTR, STM32U5G9J-DK1, STM32U5G9J-DK2, STM32U5G9NJH6Q, STM32U5G9VJT6Q, STM32U5G9ZJJ6QTR, STM32U5G9ZJT6Q, STM32WB1MMCH6, STM32WBA52CEU6, STM32WBA52CEU6T, STM32WBA52CGU6, STM32WBA52CGU6T, STM32WBA52KEU6, STM32WBA52KEU6T, STM32WBA52KGU6, STM32WBA52KGU6T, STM32WL5MOCH6, STM32WL5MOCH6TR]
2024-04-14 03:33:13,225 [INFO] ApiDb:668 - CubeFinder database Data Model version=2.1
2024-04-14 03:33:13,226 [INFO] ApiDb:669 - CubeFinder database Configuration version=3.0.39
2024-04-14 03:33:13,226 [INFO] ApiDb:670 - CubeFinder database generation date=2024-03-25 (1711369621)
2024-04-14 03:33:13,226 [INFO] ApiDb:671 - CubeFinder database FW Pack versions=[FP-ATR-ASTRA1_V2.0.0, FP-SNS-FLIGHT1_V5.0.1, FP-SNS-FLIGHT1_V5.0.2, FP-SNS-MOTENV1_V4.3.1, FP-SNS-MOTENV1_V4.3.2, FP-SNS-MOTENVWB1_V1.3.1, FP-SNS-SMARTAG2_V1.2.0, STM32Cube_FW_C0_V1.1.0, STM32Cube_FW_F4_V1.28.0, STM32Cube_FW_F7_V1.17.0, STM32Cube_FW_G0_V1.6.2, STM32Cube_FW_G4_V1.5.2, STM32Cube_FW_H5_V0.5.1, STM32Cube_FW_H5_V1.1.1, STM32Cube_FW_H5_V1.2.0, STM32Cube_FW_H5_V1.2.0RC4, STM32Cube_FW_H7RS_V1.0.0, STM32Cube_FW_H7RS_V1.0.0RC4, STM32Cube_FW_H7_V1.11.0, STM32Cube_FW_L0_V1.12.2, STM32Cube_FW_L5_V1.5.1, STM32Cube_FW_U0_V1.0.0, STM32Cube_FW_U0_V1.0.0RC1, STM32Cube_FW_U5_V1.3.0RC4, STM32Cube_FW_U5_V1.5.0, STM32Cube_FW_U5_V1.5.0RC1, STM32Cube_FW_WBA_V1.0.0RC1, STM32Cube_FW_WBA_V1.2.0, STM32Cube_FW_WBA_V1.2.0RC2, STM32Cube_FW_WBA_V1.3.0, STM32Cube_FW_WBA_V1.3.0RC1, STM32Cube_FW_WB_V1.15.0RC1, STM32Cube_FW_WB_V1.16.0, STM32Cube_FW_WB_V1.16.0RC2, STM32Cube_FW_WB_V1.18.0, STM32Cube_FW_WB_V1.19.0, STM32Cube_FW_WL_V1.3.0, X-CUBE-ALGOBUILD_V1.3.0, X-CUBE-ALS_V1.0.1, X-CUBE-AZRTOS-F4_V1.1.0, X-CUBE-AZRTOS-F7_V1.1.0, X-CUBE-AZRTOS-G0_V1.1.0, X-CUBE-AZRTOS-G4_V2.0.0, X-CUBE-AZRTOS-H7_V3.2.0, X-CUBE-AZRTOS-L4_V1.0.0, X-CUBE-AZRTOS-L4_V2.0.0, X-CUBE-AZRTOS-L5_V1.1.0, X-CUBE-AZRTOS-WB_V2.0.0, X-CUBE-AZRTOS-WL_V2.0.0, X-CUBE-BLE1_V7.0.0, X-CUBE-BLE2_V3.3.0, X-CUBE-BLEMGR_V3.1.0, X-CUBE-EEPRMA1_V4.1.0, X-CUBE-EEPRMA1_V5.1.0, X-CUBE-FREERTOS_V1.1.0, X-CUBE-GNSS1_V6.0.0, X-CUBE-MEMS1_V10.0.0, X-CUBE-MEMS1_V9.1.0, X-CUBE-MEMS1_V9.4.0, X-CUBE-MEMS1_V9.6.0, X-CUBE-NFC4_V3.0.0, X-CUBE-NFC7_V1.0.1, X-CUBE-SFXS2LP1_V4.0.0, X-CUBE-SUBG2_V5.0.0, X-CUBE-TOF1_V3.4.0]
2024-04-14 03:33:15,554 [INFO] ApiDb:240 - Found 323 in-development CPN: [B-G473E-ZEST1S, B-WB1M-WPAN1, B-WL5M-SUBG1, NUCLEO-C031C6, NUCLEO-H503RB, NUCLEO-H563ZI, NUCLEO-U545RE-Q, NUCLEO-U5A5ZJ-Q, NUCLEO-WBA52CG, STEVAL-PROTEUS1, STEVAL-SMARTAG2, STEVAL-STWINBX1, STM320518-EVAL, STM32C0116-DK, STM32C011D6Y3TR, STM32C011D6Y6TR, STM32C011F4P3, STM32C011F4P6, STM32C011F4U3, STM32C011F4U6TR, STM32C011F6P3, STM32C011F6P6, STM32C011F6U3, STM32C011F6U6TR, STM32C011J4M3, STM32C011J4M6, STM32C011J6M3, STM32C011J6M6, STM32C0316-DK, STM32C031C4T3, STM32C031C4T6, STM32C031C4U3, STM32C031C4U6, STM32C031C6T3, STM32C031C6T6, STM32C031C6U3, STM32C031C6U6, STM32C031F4P3, STM32C031F4P6, STM32C031F6P3, STM32C031F6P6, STM32C031G4U3, STM32C031G4U6, STM32C031G6U3, STM32C031G6U6, STM32C031K4T3, STM32C031K4T6, STM32C031K4U3, STM32C031K4U6, STM32C031K6T3, STM32C031K6T6, STM32C031K6U3, STM32C031K6U6, STM32G071K8TXN, STM32G071K8UXN, STM32G081GBU6N, STM32G081KBT6N, STM32G081KBUXN, STM32G0B1CCT6N, STM32G0B1KCT6, STM32G0B1NEY6TR, STM32G0B1RCT6N, STM32G0C1CCT6, STM32G0C1CCT6N, STM32G0C1CCU6N, STM32G0C1CET6N, STM32G0C1CEU6N, STM32G0C1KCT6, STM32G0C1NEY6TR, STM32G0C1RCI6N, STM32G0C1RCT6N, STM32G0C1REI6N, STM32G0C1RET6N, STM32G0C1VCI6, STM32G0C1VEI6, STM32G471CCT6, STM32G471CCU6, STM32G471CET3, STM32G471CET6, STM32G471CEU3, STM32G471CEU6, STM32G471MCT6, STM32G471MET3, STM32G471MET6, STM32G471MEY6TR, STM32G471QCT6, STM32G471QET3, STM32G471RCT6, STM32G471RET3, STM32G471RET6, STM32G471VCH6, STM32G471VCI6, STM32G471VCT6, STM32G471VEH3, STM32G471VEH6, STM32G471VEI3, STM32G471VEI6, STM32G471VET3, STM32G471VET6, STM32G474CCT6, STM32H503CBT6, STM32H503CBU6, STM32H503EBY6TR, STM32H503KBU6, STM32H503RBT6, STM32H562AGI6, STM32H562AII6, STM32H562IGK6, STM32H562IGT6, STM32H562IIK6, STM32H562IIT6, STM32H562RGT6, STM32H562RGV6, STM32H562RIT6, STM32H562RIV6, STM32H562VGT6, STM32H562VIT6, STM32H562ZGT6, STM32H562ZIT6, STM32H563AGI6, STM32H563AII3Q, STM32H563AII6, STM32H563IGK6, STM32H563IGT6, STM32H563IIK3Q, STM32H563IIK6, STM32H563IIT3Q, STM32H563IIT6, STM32H563MIY3QTR, STM32H563RGT6, STM32H563RGV6, STM32H563RIT6, STM32H563RIV6, STM32H563VGT6, STM32H563VIT3Q, STM32H563VIT6, STM32H563ZGT6, STM32H563ZIT3Q, STM32H563ZIT6, STM32H573AII3Q, STM32H573AII6, STM32H573I-DK, STM32H573IIK3Q, STM32H573IIK6, STM32H573IIT3Q, STM32H573IIT6, STM32H573MIY3QTR, STM32H573RIT6, STM32H573RIV6, STM32H573VIT3Q, STM32H573VIT6, STM32H573ZIT3Q, STM32H573ZIT6, STM32L4R5QGI6STR, STM32MP131AAE3, STM32MP131AAF3, STM32MP131AAG3, STM32MP131CAE3, STM32MP131CAF3, STM32MP131CAG3, STM32MP131DAE7, STM32MP131DAF7, STM32MP131DAG7, STM32MP131FAE7, STM32MP131FAF7, STM32MP131FAG7, STM32MP133AAE3, STM32MP133AAF3, STM32MP133AAG3, STM32MP133CAE3, STM32MP133CAF3, STM32MP133CAG3, STM32MP133DAE7, STM32MP133DAF7, STM32MP133DAG7, STM32MP133FAE7, STM32MP133FAF7, STM32MP133FAG7, STM32MP135AAE3, STM32MP135AAF3, STM32MP135AAG3, STM32MP135CAE3, STM32MP135CAF3, STM32MP135CAG3, STM32MP135DAE7, STM32MP135DAF7, STM32MP135DAG7, STM32MP135F-DK, STM32MP135FAE7, STM32MP135FAF7, STM32MP135FAF7T, STM32MP135FAF7U, STM32MP135FAG7, STM32U535CBT6, STM32U535CBT6Q, STM32U535CBU6, STM32U535CBU6Q, STM32U535CCT6, STM32U535CCT6Q, STM32U535CCU6, STM32U535CCU6Q, STM32U535CET6, STM32U535CET6Q, STM32U535CEU6, STM32U535CEU6Q, STM32U535JEY6QTR, STM32U535NCY6QTR, STM32U535NEY6QTR, STM32U535RBI6, STM32U535RBI6Q, STM32U535RBT6, STM32U535RBT6Q, STM32U535RCI6, STM32U535RCI6Q, STM32U535RCT6, STM32U535RCT6Q, STM32U535REI6, STM32U535REI6Q, STM32U535RET6, STM32U535RET6Q, STM32U535VCI6, STM32U535VCI6Q, STM32U535VCT6, STM32U535VCT6Q, STM32U535VEI6, STM32U535VEI6Q, STM32U535VET6, STM32U535VET6Q, STM32U545CET6, STM32U545CET6Q, STM32U545CEU6, STM32U545CEU6Q, STM32U545JEY6QTR, STM32U545NEY6QTR, STM32U545REI6, STM32U545REI6Q, STM32U545RET6, STM32U545RET6Q, STM32U545VEI6, STM32U545VEI6Q, STM32U545VET6, STM32U545VET6Q, STM32U595AIH6, STM32U595AIH6Q, STM32U595AJH6, STM32U595AJH6Q, STM32U595QII6, STM32U595QII6Q, STM32U595QJI6, STM32U595QJI6Q, STM32U595RIT6, STM32U595RIT6Q, STM32U595RJT6, STM32U595RJT6Q, STM32U595VIT6, STM32U595VIT6Q, STM32U595VJT6, STM32U595VJT6Q, STM32U595ZIT6, STM32U595ZIT6Q, STM32U595ZIY6QTR, STM32U595ZJT6, STM32U595ZJT6Q, STM32U595ZJY6QTR, STM32U599BJY6QTR, STM32U599NIH6Q, STM32U599NJH6Q, STM32U599VIT6Q, STM32U599VJT6, STM32U599VJT6Q, STM32U599ZIT6Q, STM32U599ZIY6QTR, STM32U599ZJT6Q, STM32U599ZJY6QTR, STM32U5A5AJH6, STM32U5A5AJH6Q, STM32U5A5QJI6, STM32U5A5QJI6Q, STM32U5A5RJT6, STM32U5A5RJT6Q, STM32U5A5VJT6, STM32U5A5VJT6Q, STM32U5A5ZJT6, STM32U5A5ZJT6Q, STM32U5A5ZJY6QTR, STM32U5A9BJY6QTR, STM32U5A9J-DK, STM32U5A9NJH6Q, STM32U5A9VJT6Q, STM32U5A9ZJT6Q, STM32U5A9ZJY6QTR, STM32U5F7VIT6, STM32U5F7VIT6Q, STM32U5F7VJT6, STM32U5F7VJT6Q, STM32U5F9BJY6QTR, STM32U5F9NJH6Q, STM32U5F9VIT6Q, STM32U5F9VJT6Q, STM32U5F9ZIJ6QTR, STM32U5F9ZIT6Q, STM32U5F9ZJJ6QTR, STM32U5F9ZJT6Q, STM32U5G7VJT6, STM32U5G7VJT6Q, STM32U5G9BJY6QTR, STM32U5G9J-DK1, STM32U5G9J-DK2, STM32U5G9NJH6Q, STM32U5G9VJT6Q, STM32U5G9ZJJ6QTR, STM32U5G9ZJT6Q, STM32WB1MMCH6, STM32WBA52CEU6, STM32WBA52CEU6T, STM32WBA52CGU6, STM32WBA52CGU6T, STM32WBA52KEU6, STM32WBA52KEU6T, STM32WBA52KGU6, STM32WBA52KGU6T, STM32WL5MOCH6, STM32WL5MOCH6TR]
2024-04-14 03:33:15,560 [INFO] DbMcus:217 - Found 4050 MCUs, 4050 are supported
2024-04-14 03:33:15,561 [INFO] ApiDb:423 - Load user favorites file C:\Users\Phatt/.stm32cubeide/favorites.mcus.txt: 0 item(s)
2024-04-14 03:33:15,561 [INFO] ApiDb:427 - User favorites MCUs=[]
2024-04-14 03:33:15,562 [INFO] DbMcus:223 - Set 0 / 0 favorites MCUs
2024-04-14 03:33:16,048 [INFO] BoardInfo:880 - No configuration file found for board NUCLEO-H7S3L8
2024-04-14 03:33:16,049 [INFO] DbBoards:157 - Board is not supported: NUCLEO-H7S3L8
2024-04-14 03:33:16,085 [INFO] BoardInfo:880 - No configuration file found for board NUCLEO-U031R8
2024-04-14 03:33:16,085 [INFO] DbBoards:157 - Board is not supported: NUCLEO-U031R8
2024-04-14 03:33:16,086 [INFO] BoardInfo:880 - No configuration file found for board NUCLEO-U083RC
2024-04-14 03:33:16,086 [INFO] DbBoards:157 - Board is not supported: NUCLEO-U083RC
2024-04-14 03:33:16,098 [INFO] BoardInfo:880 - No configuration file found for board NUCLEO-WBA55CG
2024-04-14 03:33:16,098 [INFO] DbBoards:157 - Board is not supported: NUCLEO-WBA55CG
2024-04-14 03:33:16,104 [INFO] BoardInfo:880 - No configuration file found for board P-NUCLEO-WB55
2024-04-14 03:33:16,104 [INFO] DbBoards:157 - Kit is not supported: P-NUCLEO-WB55
2024-04-14 03:33:16,109 [INFO] BoardInfo:880 - No configuration file found for board STEVAL-BFA001V1B
2024-04-14 03:33:16,109 [INFO] DbBoards:157 - Kit is not supported: STEVAL-BFA001V1B
2024-04-14 03:33:16,111 [INFO] BoardInfo:880 - No configuration file found for board STEVAL-BFA001V2B
2024-04-14 03:33:16,111 [INFO] DbBoards:157 - Kit is not supported: STEVAL-BFA001V2B
2024-04-14 03:33:16,116 [INFO] BoardInfo:880 - No configuration file found for board STEVAL-MKBOXPRO
2024-04-14 03:33:16,116 [INFO] DbBoards:157 - Board is not supported: STEVAL-MKBOXPRO
2024-04-14 03:33:16,231 [INFO] BoardInfo:880 - No configuration file found for board STM32H7S78-DK
2024-04-14 03:33:16,232 [INFO] DbBoards:157 - Board is not supported: STM32H7S78-DK
2024-04-14 03:33:16,273 [INFO] BoardInfo:880 - No configuration file found for board STM32U083C-DK
2024-04-14 03:33:16,273 [INFO] DbBoards:157 - Board is not supported: STM32U083C-DK
2024-04-14 03:33:16,284 [INFO] DbBoards:161 - Found 197 boards, 187 are supported
2024-04-14 03:33:16,287 [INFO] ApiDb:423 - Load user favorites file C:\Users\Phatt/.stm32cubeide/favorites.boards.txt: 0 item(s)
2024-04-14 03:33:16,288 [INFO] ApiDb:427 - User favorites Boards=[]
2024-04-14 03:33:16,288 [INFO] DbBoards:190 - Set 0 / 0 favorites Boards
2024-04-14 03:33:16,288 [INFO] McuFinderGlobals:76 - Set McuFinderConnectedMode to true
2024-04-14 03:33:16,294 [INFO] MultiScanPanel:200 - Auto-refresh data requested => check proxy status ongoing
2024-04-14 03:33:16,297 [INFO] FinderPluginLoader:95 - Searching for filters in installed packs
2024-04-14 03:33:17,547 [INFO] LoadUrlFilesThread:185 - End of LoadServerUrlFiles without Thread
2024-04-14 03:33:17,558 [INFO] DetailPanel:341 - Set advertising image to C:/Users/Phatt/STM32Cube/Repository/\en.prom-stm32wl3-mcu-finder.jpg
2024-04-14 03:33:34,994 [INFO] MultiScanPanel:200 - Auto-refresh data requested => check proxy status ongoing
2024-04-14 03:33:35,224 [INFO] LoadUrlFilesThread:185 - End of LoadServerUrlFiles without Thread
2024-04-14 03:33:35,224 [INFO] DetailPanel:341 - Set advertising image to C:/Users/Phatt/STM32Cube/Repository/\en.prom-stm32wl3-mcu-finder.jpg
2024-04-14 03:33:35,249 [INFO] DbBoards:634 - Loading board mini-images...
2024-04-14 03:33:37,331 [INFO] DbBoards:657 - Loaded 197 board mini-images
2024-04-14 03:34:42,905 [INFO] MainUpdater:2868 - connection check result : 10
2024-04-14 03:34:42,905 [INFO] MainUpdater:2868 - connection check result : 10
2024-04-14 03:34:42,933 [INFO] MicroXplorer:468 - Change Database Path : 
2024-04-14 03:34:42,933 [INFO] MicroXplorer:498 - Change Database Version : DB.6.0.92
2024-04-14 03:34:42,942 [WARN] ThirdParty:871 - waiting for thirdparty lock release [close project]
2024-04-14 03:34:42,942 [INFO] ThirdParty:873 - entering critical section [close project]
2024-04-14 03:34:42,943 [INFO] ThirdParty:883 - exiting critical section [close project]
2024-04-14 03:34:42,944 [INFO] PinOutPanel:1499 - setPackage(No Configuration,No Configuration)
2024-04-14 03:34:42,951 [INFO] UtilMem:75 - Begin LoadConfig() Used Memory: 882956544 Bytes (1073741824)
2024-04-14 03:34:42,954 [INFO] OpenFileManager:308 - Change cursor
2024-04-14 03:34:42,989 [INFO] ProjectFactory:402 - No CPN specified for board NUCLEO-G474RE => set CPN to STM32G474RET6
2024-04-14 03:34:42,990 [INFO] Mcu:1946 - Initializing MCU STM32G474R(B-C-E)Tx STM32G474RETx STM32G474RET6
2024-04-14 03:34:49,762 [INFO] Context:659 - Trying to add GPIOservice into a context  which must be forbidden
2024-04-14 03:34:52,128 [INFO] Rule:228 - rule 117617 - U5Cobra4M][GTZC] default value MPCBB3 and MPCBB5 - Not Secured memory - MPCBB1 is applicable
2024-04-14 03:34:52,128 [INFO] Rule:228 - rule 117617 - U5Cobra4M][GTZC] default value MPCBB3 and MPCBB5 - Not Secured memory - MPCBB1 is applicable
2024-04-14 03:34:52,128 [INFO] Rule:228 - rule 117617 - U5Cobra4M][GTZC] default value MPCBB3 and MPCBB5 - Not Secured memory - MPCBB2 is applicable
2024-04-14 03:34:52,128 [INFO] Rule:228 - rule 117617 - U5Cobra4M][GTZC] default value MPCBB3 and MPCBB5 - Not Secured memory - MPCBB2 is applicable
2024-04-14 03:34:52,128 [INFO] Rule:228 - rule 117617 - U5Cobra4M][GTZC] default value MPCBB3 and MPCBB5 - Not Secured memory - MPCBB3 is applicable
2024-04-14 03:34:52,128 [INFO] Rule:228 - rule 117617 - U5Cobra4M][GTZC] default value MPCBB3 and MPCBB5 - Not Secured memory - MPCBB3 is applicable
2024-04-14 03:34:52,128 [INFO] Rule:228 - rule 117617 - U5Cobra4M][GTZC] default value MPCBB3 and MPCBB5 - Not Secured memory - MPCBB4 is applicable
2024-04-14 03:34:52,128 [INFO] Rule:228 - rule 117617 - U5Cobra4M][GTZC] default value MPCBB3 and MPCBB5 - Not Secured memory - MPCBB4 is applicable
2024-04-14 03:34:52,129 [INFO] Rule:228 - rule 117617 - U5Cobra4M][GTZC] default value MPCBB3 and MPCBB5 - Secured memory - MPCBB1 is applicable
2024-04-14 03:34:52,129 [INFO] Rule:228 - rule 117617 - U5Cobra4M][GTZC] default value MPCBB3 and MPCBB5 - Secured memory - MPCBB2 is applicable
2024-04-14 03:34:52,129 [INFO] Rule:228 - rule 117617 - U5Cobra4M][GTZC] default value MPCBB3 and MPCBB5 - Secured memory - MPCBB3 is applicable
2024-04-14 03:34:52,129 [INFO] Rule:228 - rule 117617 - U5Cobra4M][GTZC] default value MPCBB3 and MPCBB5 - Secured memory - MPCBB4 is applicable
2024-04-14 03:34:52,129 [INFO] Rule:228 - rule 117617 - U5Cobra4M][GTZC] default value MPCBB3 and MPCBB5 - Privileged memory - MPCBB1 is applicable
2024-04-14 03:34:52,129 [INFO] Rule:228 - rule 117617 - U5Cobra4M][GTZC] default value MPCBB3 and MPCBB5 - Privileged memory - MPCBB2 is applicable
2024-04-14 03:34:52,129 [INFO] Rule:228 - rule 117617 - U5Cobra4M][GTZC] default value MPCBB3 and MPCBB5 - Privileged memory - MPCBB3 is applicable
2024-04-14 03:34:52,129 [INFO] Rule:228 - rule 117617 - U5Cobra4M][GTZC] default value MPCBB3 and MPCBB5 - Privileged memory - MPCBB4 is applicable
2024-04-14 03:34:52,129 [INFO] Rule:228 - rule 117617 - U5Cobra4M][GTZC] default value MPCBB3 and MPCBB5 - Not Privileged memory - MPCBB1 is applicable
2024-04-14 03:34:52,129 [INFO] Rule:228 - rule 117617 - U5Cobra4M][GTZC] default value MPCBB3 and MPCBB5 - Not Privileged memory - MPCBB2 is applicable
2024-04-14 03:34:52,129 [INFO] Rule:228 - rule 117617 - U5Cobra4M][GTZC] default value MPCBB3 and MPCBB5 - Not Privileged memory - MPCBB3 is applicable
2024-04-14 03:34:52,129 [INFO] Rule:228 - rule 117617 - U5Cobra4M][GTZC] default value MPCBB3 and MPCBB5 - Not Privileged memory - MPCBB4 is applicable
2024-04-14 03:34:52,129 [INFO] Rule:228 - rule 117617 - U5Cobra4M][GTZC] default value MPCBB3 and MPCBB5 - Privileged memory - MPCBB1 is applicable
2024-04-14 03:34:52,129 [INFO] Rule:228 - rule 117617 - U5Cobra4M][GTZC] default value MPCBB3 and MPCBB5 - Privileged memory - MPCBB2 is applicable
2024-04-14 03:34:52,130 [INFO] Rule:228 - rule 117617 - U5Cobra4M][GTZC] default value MPCBB3 and MPCBB5 - Privileged memory - MPCBB3 is applicable
2024-04-14 03:34:52,130 [INFO] Rule:228 - rule 117617 - U5Cobra4M][GTZC] default value MPCBB3 and MPCBB5 - Privileged memory - MPCBB4 is applicable
2024-04-14 03:34:52,130 [INFO] Rule:228 - rule 117617 - U5Cobra4M][GTZC] default value MPCBB3 and MPCBB5 - Privileged memory - MPCBB1 is applicable
2024-04-14 03:34:52,130 [INFO] Rule:228 - rule 117617 - U5Cobra4M][GTZC] default value MPCBB3 and MPCBB5 - Privileged memory - MPCBB2 is applicable
2024-04-14 03:34:52,130 [INFO] Rule:228 - rule 117617 - U5Cobra4M][GTZC] default value MPCBB3 and MPCBB5 - Privileged memory - MPCBB3 is applicable
2024-04-14 03:34:52,130 [INFO] Rule:228 - rule 117617 - U5Cobra4M][GTZC] default value MPCBB3 and MPCBB5 - Privileged memory - MPCBB4 is applicable
2024-04-14 03:34:52,130 [INFO] Rule:228 - rule 117617 - U5Cobra4M][GTZC] default value MPCBB3 and MPCBB5 - Not Privileged memory - MPCBB1 is applicable
2024-04-14 03:34:52,130 [INFO] Rule:228 - rule 117617 - U5Cobra4M][GTZC] default value MPCBB3 and MPCBB5 - Not Privileged memory - MPCBB2 is applicable
2024-04-14 03:34:52,130 [INFO] Rule:228 - rule 117617 - U5Cobra4M][GTZC] default value MPCBB3 and MPCBB5 - Not Privileged memory - MPCBB3 is applicable
2024-04-14 03:34:52,130 [INFO] Rule:228 - rule 117617 - U5Cobra4M][GTZC] default value MPCBB3 and MPCBB5 - Not Privileged memory - MPCBB4 is applicable
2024-04-14 03:34:52,130 [INFO] Rule:228 - rule 117617 - U5Cobra4M][GTZC] default value MPCBB3 and MPCBB5 - Privileged memory - MPCBB1 is applicable
2024-04-14 03:34:52,130 [INFO] Rule:228 - rule 117617 - U5Cobra4M][GTZC] default value MPCBB3 and MPCBB5 - Privileged memory - MPCBB2 is applicable
2024-04-14 03:34:52,131 [INFO] Rule:228 - rule 117617 - U5Cobra4M][GTZC] default value MPCBB3 and MPCBB5 - Privileged memory - MPCBB3 is applicable
2024-04-14 03:34:52,131 [INFO] Rule:228 - rule 117617 - U5Cobra4M][GTZC] default value MPCBB3 and MPCBB5 - Privileged memory - MPCBB4 is applicable
2024-04-14 03:34:52,131 [INFO] Rule:228 - rule Rename SubGHz_Phy SUBGHZ_APPLICATION SUBGHZ_PINGPONG to SUBGHZ_ADV_APPLICATION is applicable
2024-04-14 03:34:52,131 [INFO] Rule:228 - rule Rename Enabled to IBEACON is applicable
2024-04-14 03:34:52,131 [INFO] Rule:228 - rule GTZC_S instance for project manager is applicable
2024-04-14 03:34:52,131 [INFO] Rule:228 - rule GTZC_S instance for context M33S is applicable
2024-04-14 03:34:52,131 [INFO] Rule:228 - rule GTZC_S instance value for IP GTZC is applicable
2024-04-14 03:34:52,131 [INFO] Rule:228 - rule GTZC_S instance for mcu.IP is applicable
2024-04-14 03:34:52,131 [INFO] Rule:228 - rule GTZC_S instance for VP is applicable
2024-04-14 03:34:52,131 [INFO] Rule:228 - rule GTZC_S instance for signal is applicable
2024-04-14 03:34:52,131 [INFO] Rule:228 - rule GTZC_S instance for mcu.Pin is applicable
2024-04-14 03:34:52,131 [INFO] Rule:228 - rule GTZC_S instance for VP is applicable
2024-04-14 03:34:52,131 [INFO] Rule:228 - rule GTZC_S instance for signal is applicable
2024-04-14 03:34:52,132 [INFO] Rule:228 - rule GTZC_S instance for mcu is applicable
2024-04-14 03:34:52,132 [INFO] Rule:228 - rule GTZC_S instance for mcu.Pin is applicable
2024-04-14 03:34:52,132 [INFO] Rule:228 - rule GTZC_S instance value for IP GTZC is applicable
2024-04-14 03:34:52,132 [INFO] Rule:228 - rule GTZC_S instance for project manager is applicable
2024-04-14 03:34:52,132 [INFO] Rule:228 - rule GTZC_S instance for context M33S is applicable
2024-04-14 03:34:52,132 [INFO] Rule:228 - rule GTZC_S instance for VP is applicable
2024-04-14 03:34:52,132 [INFO] Rule:228 - rule GTZC_S instance for signal is applicable
2024-04-14 03:34:52,132 [INFO] Rule:228 - rule WakeUp0 Mode is applicable
2024-04-14 03:34:52,132 [INFO] Rule:228 - rule WakeUp0 SIGNAL is applicable
2024-04-14 03:34:52,132 [INFO] Rule:228 - rule WakeUp1 Mode is applicable
2024-04-14 03:34:52,132 [INFO] Rule:228 - rule WakeUp1 SIGNAL is applicable
2024-04-14 03:34:52,132 [INFO] Rule:228 - rule WakeUp2 Mode is applicable
2024-04-14 03:34:52,133 [INFO] Rule:228 - rule WakeUp2 SIGNAL is applicable
2024-04-14 03:34:52,133 [INFO] Rule:228 - rule WakeUp4 Mode is applicable
2024-04-14 03:34:52,133 [INFO] Rule:228 - rule WakeUp4 SIGNAL is applicable
2024-04-14 03:34:52,133 [INFO] Rule:228 - rule WakeUp5 Mode is applicable
2024-04-14 03:34:52,133 [INFO] Rule:228 - rule WakeUp5 SIGNAL is applicable
2024-04-14 03:34:52,133 [INFO] Rule:228 - rule Change Default Value for LSE Drive Capability for WB family is applicable
2024-04-14 03:34:52,133 [INFO] Rule:228 - rule Change Default Value for ADC Clock Prescaler G0 family is applicable
2024-04-14 03:34:52,133 [INFO] Rule:228 - rule Change USART1CLockSelection refparam name for MP1 is applicable
2024-04-14 03:34:52,133 [INFO] Rule:228 - rule Change USART2CLockSelection refparam name for MP1 is applicable
2024-04-14 03:34:52,133 [INFO] Rule:228 - rule Change USART3CLockSelection refparam name for MP1 is applicable
2024-04-14 03:34:52,133 [INFO] Rule:228 - rule Change UART4CLockSelection refparam name for MP1 is applicable
2024-04-14 03:34:52,133 [INFO] Rule:228 - rule Change UART5CLockSelection refparam name for MP1 is applicable
2024-04-14 03:34:52,133 [INFO] Rule:228 - rule Change LPUART1CLockSelection refparam name for MP1 is applicable
2024-04-14 03:34:52,133 [INFO] Rule:228 - rule Change LPTIM1CLockSelection refparam name for MP1 is applicable
2024-04-14 03:34:52,133 [INFO] Rule:228 - rule Change LPTIM2CLockSelection refparam name for MP1 is applicable
2024-04-14 03:34:52,134 [INFO] Rule:228 - rule Change RCC_MCO1Source refparam name for MP1 is applicable
2024-04-14 03:34:52,134 [INFO] Rule:228 - rule Change LSCOSource1 refparam name for MP1 is applicable
2024-04-14 03:34:52,134 [INFO] Rule:228 - rule Change SMPSCLockSelection refparam name for MP1 is applicable
2024-04-14 03:34:52,134 [INFO] Rule:228 - rule Change LPTIM3CLockSelection refparam name for MP1 is applicable
2024-04-14 03:34:52,134 [INFO] Rule:228 - rule Change MPCBB* Default Template Mode to Parameters is applicable
2024-04-14 03:34:52,134 [INFO] Rule:228 - rule Change MPCWM* or MPCBB* Secure Mode to Parameters is applicable
2024-04-14 03:34:52,134 [INFO] Rule:228 - rule Change MPCWM* or MPCBB* No Secure Mode to Parameters is applicable
2024-04-14 03:34:52,134 [INFO] Rule:228 - rule Change TZSC IP Secure Mode to Parameters is applicable
2024-04-14 03:34:52,134 [INFO] Rule:228 - rule Change TZSC IP No Secure Mode to Parameters is applicable
2024-04-14 03:34:52,134 [INFO] Rule:228 - rule Change TZSC IP Privilege Mode to Parameters is applicable
2024-04-14 03:34:52,134 [INFO] Rule:228 - rule Change TZSC IP No Privilege Mode to Parameters is applicable
2024-04-14 03:34:52,134 [INFO] Rule:228 - rule Change TZIC IT Secure Mode to Parameters is applicable
2024-04-14 03:34:52,134 [INFO] Rule:228 - rule Change TZIC IT No Secure Mode to Parameters is applicable
2024-04-14 03:34:52,134 [INFO] Rule:228 - rule Add MPCBB1_NonSecureArea_Start_Address value with referenced to MPCBB1_NonSecureArea_Start value is applicable
2024-04-14 03:34:52,135 [INFO] Rule:228 - rule Add MPCBB2_NonSecureArea_Start_Address value with referenced to MPCBB2_NonSecureArea_Start value is applicable
2024-04-14 03:34:52,135 [INFO] Rule:228 - rule Add MPCWM1_NonSecureArea*_Start_Address value with referenced to MPCWM1_NonSecureArea*_Start value is applicable
2024-04-14 03:34:52,135 [INFO] Rule:228 - rule Add MPCWM2_NonSecureArea*_Start_Address value with referenced to MPCWM2_NonSecureArea*_Start value is applicable
2024-04-14 03:34:52,135 [INFO] Rule:228 - rule Add MPCWM3_NonSecureArea_Start_Address value with referenced to MPCWM3_NonSecureArea_Start value is applicable
2024-04-14 03:34:52,135 [INFO] Rule:228 - rule Change Default Value for PLL1UserDefinedConfig is applicable
2024-04-14 03:34:52,135 [INFO] Rule:228 - rule OPAMP is applicable
2024-04-14 03:34:52,135 [INFO] Rule:228 - rule LPUART IPParameter rename Prescaler parameter to ClockPrescaler for STM32H7 is applicable
2024-04-14 03:34:52,135 [INFO] Rule:228 - rule LPUART IPParameter rename Prescaler parameter to ClockPrescaler for STM32H7 is applicable
2024-04-14 03:34:52,135 [INFO] Rule:228 - rule LPUART IPParameter rename Prescaler parameter to ClockPrescaler for STM32WB is applicable
2024-04-14 03:34:52,135 [INFO] Rule:228 - rule LPUART IPParameter rename Prescaler parameter to ClockPrescaler for STM32WB is applicable
2024-04-14 03:34:52,135 [INFO] Rule:228 - rule LPUART IPParameter rename Prescaler parameter to ClockPrescaler for STM32G4 is applicable
2024-04-14 03:34:52,136 [INFO] Rule:228 - rule LPUART IPParameter rename Prescaler parameter to ClockPrescaler for STM32G4 is applicable
2024-04-14 03:34:52,136 [INFO] Rule:228 - rule LPUART IPParameter rename Prescaler parameter to ClockPrescaler for STM32L5 is applicable
2024-04-14 03:34:52,136 [INFO] Rule:228 - rule LPUART IPParameter rename Prescaler parameter to ClockPrescaler for STM32L5 is applicable
2024-04-14 03:34:52,136 [INFO] Rule:228 - rule LPUART IPParameter rename Prescaler parameter to ClockPrescaler for STM32G4 is applicable
2024-04-14 03:34:52,136 [INFO] Rule:228 - rule LPUART IPParameter rename Prescaler parameter to ClockPrescaler for STM32G4 is applicable
2024-04-14 03:34:52,136 [INFO] Rule:228 - rule USB device lib V2.5.3 for L0 rename USBD_SUPPORT_USER_STRING parameter to USBD_SUPPORT_USER_STRING_DESC4 is applicable
2024-04-14 03:34:52,137 [INFO] Rule:228 - rule I2SCLockSelection clock entry align is applicable
2024-04-14 03:34:52,137 [INFO] Rule:228 - rule Assign TIMx context if used as SYS timebase is applicable
2024-04-14 03:34:52,137 [INFO] Rule:228 - rule Change GPIO_Pu Default Value for I2C is applicable
2024-04-14 03:34:52,137 [INFO] Rule:228 - rule Change GPIO_Pu Default Value for SMBus is applicable
2024-04-14 03:34:52,137 [INFO] Rule:228 - rule change FDCAN default value is applicable
2024-04-14 03:34:52,143 [INFO] DbConfProperties:307 - Apply Compatibility (7/110 Rules)
2024-04-14 03:34:52,370 [INFO] RtosManager:555 - Registered RTOS mode: class=CMSIS, group=RTOS, mode=CMSIS_V1, owner=FREERTOS
2024-04-14 03:34:52,370 [INFO] RtosManager:555 - Registered RTOS mode: class=CMSIS, group=RTOS2, mode=CMSIS_V2, owner=FREERTOS
2024-04-14 03:34:52,370 [INFO] RtosManager:555 - Registered RTOS mode: class=RTOS, group=Core, mode=CMSIS_V1, owner=FREERTOS
2024-04-14 03:34:52,370 [INFO] RtosManager:555 - Registered RTOS mode: class=RTOS, group=Core, mode=CMSIS_V2, owner=FREERTOS
2024-04-14 03:34:52,371 [WARN] ModelIntegratedComponent:184 - Missing modes for component STMicroelectronics:FreeRTOS:0.0.1:STMicroelectronics:RTOS:FreeRTOS:Core:::10.2.0:
2024-04-14 03:34:52,402 [WARN] ModelIntegratedComponent:63 - No mode defined for component null
2024-04-14 03:34:52,402 [WARN] ModelIntegratedComponent:63 - No mode defined for component null
2024-04-14 03:34:52,402 [WARN] ModelIntegratedComponent:63 - No mode defined for component null
2024-04-14 03:34:52,402 [WARN] ModelIntegratedComponent:63 - No mode defined for component null
2024-04-14 03:34:52,403 [WARN] ModelIntegratedComponent:63 - No mode defined for component null
2024-04-14 03:34:52,403 [WARN] ModelIntegratedComponent:63 - No mode defined for component null
2024-04-14 03:34:52,403 [WARN] ModelIntegratedComponent:63 - No mode defined for component null
2024-04-14 03:34:52,403 [WARN] ModelIntegratedComponent:63 - No mode defined for component null
2024-04-14 03:34:52,403 [WARN] ModelIntegratedComponent:63 - No mode defined for component null
2024-04-14 03:34:52,403 [WARN] ModelIntegratedComponent:63 - No mode defined for component null
2024-04-14 03:34:52,403 [WARN] ModelIntegratedComponent:63 - No mode defined for component null
2024-04-14 03:34:52,403 [WARN] ModelIntegratedComponent:63 - No mode defined for component null
2024-04-14 03:34:52,403 [WARN] ModelIntegratedComponent:63 - No mode defined for component null
2024-04-14 03:34:52,403 [WARN] ModelIntegratedComponent:63 - No mode defined for component null
2024-04-14 03:34:52,403 [WARN] ModelIntegratedComponent:63 - No mode defined for component null
2024-04-14 03:34:52,403 [WARN] ModelIntegratedComponent:63 - No mode defined for component null
2024-04-14 03:34:52,403 [WARN] ModelIntegratedComponent:63 - No mode defined for component null
2024-04-14 03:34:52,403 [WARN] ModelIntegratedComponent:63 - No mode defined for component null
2024-04-14 03:34:52,403 [WARN] ModelIntegratedComponent:63 - No mode defined for component null
2024-04-14 03:34:52,403 [WARN] ModelIntegratedComponent:63 - No mode defined for component null
2024-04-14 03:34:52,403 [WARN] ModelIntegratedComponent:63 - No mode defined for component null
2024-04-14 03:34:52,403 [WARN] ModelIntegratedComponent:63 - No mode defined for component null
2024-04-14 03:34:52,404 [WARN] ModelIntegratedComponent:63 - No mode defined for component null
2024-04-14 03:34:52,404 [WARN] ModelIntegratedComponent:63 - No mode defined for component null
2024-04-14 03:34:52,404 [WARN] ModelIntegratedComponent:63 - No mode defined for component null
2024-04-14 03:34:52,404 [WARN] ModelIntegratedComponent:63 - No mode defined for component null
2024-04-14 03:34:52,404 [WARN] ModelIntegratedComponent:63 - No mode defined for component null
2024-04-14 03:34:52,404 [WARN] ModelIntegratedComponent:63 - No mode defined for component null
2024-04-14 03:34:52,404 [WARN] ModelIntegratedComponent:63 - No mode defined for component null
2024-04-14 03:34:52,404 [WARN] ModelIntegratedComponent:63 - No mode defined for component null
2024-04-14 03:34:52,404 [WARN] ModelIntegratedComponent:63 - No mode defined for component null
2024-04-14 03:34:52,404 [WARN] ModelIntegratedComponent:63 - No mode defined for component null
2024-04-14 03:34:52,404 [WARN] ModelIntegratedComponent:63 - No mode defined for component null
2024-04-14 03:34:52,533 [INFO] ThirdPartyModel:298 - Start build external matchings
2024-04-14 03:34:53,542 [INFO] ThirdPartyModel:316 - End build external matchings
2024-04-14 03:34:53,559 [INFO] ImportTextPane:194 - (OptionalMessage_ERROR) IP (RCC) : Invalid parameter (FamilyName)
2024-04-14 03:34:53,561 [INFO] ImportTextPane:194 - (OptionalMessage_ERROR) IP (RCC) : Parameter (RNGFreq_Value) has invalid value (170000000)
2024-04-14 03:34:53,561 [INFO] ImportTextPane:194 - (OptionalMessage_ERROR) IP (RCC) : Parameter (USBFreq_Value) has invalid value (170000000)
2024-04-14 03:34:54,363 [INFO] UtilMem:75 - End LoadConfig() Used Memory: 918156496 Bytes (1073741824)
2024-04-14 03:34:54,552 [WARN] ThirdParty:833 - waiting for thirdparty lock release [change project]
2024-04-14 03:34:54,552 [INFO] ThirdParty:835 - entering critical section [change project]
2024-04-14 03:34:54,553 [INFO] ThirdParty:1030 - CMSIS Pack Vendor :STMicroelectronics X-CUBE-ISPU 1.1.0
2024-04-14 03:34:54,553 [INFO] ThirdParty:1030 - CMSIS Pack Vendor :STMicroelectronics USBPD 4.1
2024-04-14 03:34:54,553 [INFO] ThirdParty:1030 - CMSIS Pack Vendor :STMicroelectronics X-CUBE-GNSS1 6.0.0
2024-04-14 03:34:54,553 [INFO] ThirdParty:1030 - CMSIS Pack Vendor :STMicroelectronics USB_HOST 2.0.0
2024-04-14 03:34:54,553 [INFO] ThirdParty:1030 - CMSIS Pack Vendor :STMicroelectronics X-CUBE-AZRTOS-F4 1.1.0
2024-04-14 03:34:54,553 [INFO] ThirdParty:1030 - CMSIS Pack Vendor :STMicroelectronics LIBJPEG 8.0.0
2024-04-14 03:34:54,553 [INFO] ThirdParty:1030 - CMSIS Pack Vendor :wolfSSL I-CUBE-wolfSSL 5.6.3
2024-04-14 03:34:54,553 [INFO] ThirdParty:1030 - CMSIS Pack Vendor :STMicroelectronics X-CUBE-SMBUS 2.1.0
2024-04-14 03:34:54,554 [INFO] ThirdParty:1030 - CMSIS Pack Vendor :STMicroelectronics USB_DEVICE 3.0.0
2024-04-14 03:34:54,555 [INFO] ThirdParty:1030 - CMSIS Pack Vendor :STMicroelectronics X-CUBE-TCPP 4.1.0
2024-04-14 03:34:54,555 [INFO] ThirdParty:1030 - CMSIS Pack Vendor :STMicroelectronics X-CUBE-AZRTOS-WB 2.0.0
2024-04-14 03:34:54,555 [INFO] ThirdParty:1030 - CMSIS Pack Vendor :STMicroelectronics X-CUBE-TOUCHGFX 4.23.0
2024-04-14 03:34:54,555 [INFO] ThirdParty:1030 - CMSIS Pack Vendor :STMicroelectronics X-CUBE-TOUCHGFX 4.23.2
2024-04-14 03:34:54,555 [INFO] ThirdParty:1030 - CMSIS Pack Vendor :STMicroelectronics X-CUBE-AZRTOS-F7 1.1.0
2024-04-14 03:34:54,555 [INFO] ThirdParty:1030 - CMSIS Pack Vendor :STMicroelectronics X-CUBE-AZRTOS-L5 2.0.0
2024-04-14 03:34:54,555 [INFO] ThirdParty:1030 - CMSIS Pack Vendor :STMicroelectronics USB_DEVICE 2.0.0
2024-04-14 03:34:54,555 [INFO] ThirdParty:1030 - CMSIS Pack Vendor :STMicroelectronics X-CUBE-EEPRMA1 4.2.0
2024-04-14 03:34:54,555 [INFO] ThirdParty:1030 - CMSIS Pack Vendor :STMicroelectronics X-CUBE-NFC6 3.1.0
2024-04-14 03:34:54,555 [INFO] ThirdParty:1030 - CMSIS Pack Vendor :ITTIA_DB I-CUBE-ITTIADB 8.8.0
2024-04-14 03:34:54,555 [INFO] ThirdParty:1030 - CMSIS Pack Vendor :STMicroelectronics FP-SNS-MOTENV1 4.3.2
2024-04-14 03:34:54,555 [INFO] ThirdParty:1030 - CMSIS Pack Vendor :STMicroelectronics X-CUBE-ALGOBUILD 1.3.0
2024-04-14 03:34:54,555 [INFO] ThirdParty:1030 - CMSIS Pack Vendor :STMicroelectronics FreeRTOS 0.0.1
2024-04-14 03:34:54,556 [INFO] ThirdParty:1030 - CMSIS Pack Vendor :STMicroelectronics X-CUBE-AZRTOS-G0 1.1.0
2024-04-14 03:34:54,556 [INFO] ThirdParty:1030 - CMSIS Pack Vendor :STMicroelectronics X-CUBE-BLEMGR 2.0.0
2024-04-14 03:34:54,556 [INFO] ThirdParty:1030 - CMSIS Pack Vendor :STMicroelectronics X-CUBE-SAFEA1 1.2.2
2024-04-14 03:34:54,556 [INFO] ThirdParty:1030 - CMSIS Pack Vendor :STMicroelectronics X-CUBE-NFC4 3.0.0
2024-04-14 03:34:54,556 [INFO] ThirdParty:1030 - CMSIS Pack Vendor :STMicroelectronics X-CUBE-SUBG2 5.0.0
2024-04-14 03:34:54,556 [INFO] ThirdParty:1030 - CMSIS Pack Vendor :STMicroelectronics STM32_WPAN 1.0.0
2024-04-14 03:34:54,556 [INFO] ThirdParty:1030 - CMSIS Pack Vendor :STMicroelectronics lwIP 2.0.3
2024-04-14 03:34:54,556 [INFO] ThirdParty:1030 - CMSIS Pack Vendor :STMicroelectronics FP-SNS-FLIGHT1 5.0.2
2024-04-14 03:34:54,556 [INFO] ThirdParty:1030 - CMSIS Pack Vendor :STMicroelectronics USB_HOST 1.0.0
2024-04-14 03:34:54,556 [INFO] ThirdParty:1030 - CMSIS Pack Vendor :STMicroelectronics X-CUBE-TOF1 3.3.1
2024-04-14 03:34:54,556 [INFO] ThirdParty:1030 - CMSIS Pack Vendor :STMicroelectronics X-CUBE-AZRTOS-G4 2.0.0
2024-04-14 03:34:54,556 [INFO] ThirdParty:1030 - CMSIS Pack Vendor :STMicroelectronics PDM2PCM 3.1.0
2024-04-14 03:34:54,556 [INFO] ThirdParty:1030 - CMSIS Pack Vendor :STMicroelectronics X-CUBE-AZRTOS-H7 3.1.0
2024-04-14 03:34:54,556 [INFO] ThirdParty:1030 - CMSIS Pack Vendor :Infineon AIROC-Wi-Fi-Bluetooth-STM32 1.5.1
2024-04-14 03:34:54,557 [INFO] ThirdParty:1030 - CMSIS Pack Vendor :STMicroelectronics X-CUBE-BLEMGR 3.0.0
2024-04-14 03:34:54,557 [INFO] ThirdParty:1030 - CMSIS Pack Vendor :STMicroelectronics PDM2PCM 3.3.0
2024-04-14 03:34:54,557 [INFO] ThirdParty:1030 - CMSIS Pack Vendor :STMicroelectronics X-CUBE-DISPLAY 3.0.0
2024-04-14 03:34:54,557 [INFO] ThirdParty:1030 - CMSIS Pack Vendor :STMicroelectronics FP-SNS-MOTENVWB1 1.3.0
2024-04-14 03:34:54,557 [INFO] ThirdParty:1030 - CMSIS Pack Vendor :STMicroelectronics FP-SNS-MOTENVWB1 1.3.1
2024-04-14 03:34:54,557 [INFO] ThirdParty:1030 - CMSIS Pack Vendor :STMicroelectronics X-CUBE-BLE1 7.0.0
2024-04-14 03:34:54,557 [INFO] ThirdParty:1030 - CMSIS Pack Vendor :STMicroelectronics FP-ATR-SIGFOX1 3.2.0
2024-04-14 03:34:54,557 [INFO] ThirdParty:1030 - CMSIS Pack Vendor :STMicroelectronics X-CUBE-ISPU 2.0.0
2024-04-14 03:34:54,557 [INFO] ThirdParty:1030 - CMSIS Pack Vendor :STMicroelectronics X-CUBE-EEPRMA1 5.1.0
2024-04-14 03:34:54,557 [INFO] ThirdParty:1030 - CMSIS Pack Vendor :STMicroelectronics HAL Drivers 0.0.0
2024-04-14 03:34:54,557 [INFO] ThirdParty:1030 - CMSIS Pack Vendor :STMicroelectronics MBEDTLS 2.16.2
2024-04-14 03:34:54,557 [INFO] ThirdParty:1030 - CMSIS Pack Vendor :emotas I-CUBE-CANOPEN 1.3.0
2024-04-14 03:34:54,557 [INFO] ThirdParty:1030 - CMSIS Pack Vendor :STMicroelectronics X-CUBE-MEMS1 10.0.0
2024-04-14 03:34:54,558 [INFO] ThirdParty:1030 - CMSIS Pack Vendor :STMicroelectronics X-CUBE-FREERTOS 1.1.0
2024-04-14 03:34:54,558 [INFO] ThirdParty:1030 - CMSIS Pack Vendor :STMicroelectronics X-CUBE-NFC7 1.0.1
2024-04-14 03:34:54,558 [INFO] ThirdParty:1030 - CMSIS Pack Vendor :STMicroelectronics MBEDTLS 2.14.1
2024-04-14 03:34:54,558 [INFO] ThirdParty:1030 - CMSIS Pack Vendor :STMicroelectronics X-CUBE-TOUCHGFX 4.22.1
2024-04-14 03:34:54,558 [INFO] ThirdParty:1030 - CMSIS Pack Vendor :STMicroelectronics X-CUBE-NFC6 3.0.0
2024-04-14 03:34:54,558 [INFO] ThirdParty:1030 - CMSIS Pack Vendor :STMicroelectronics X-CUBE-EEPRMA1 4.1.0
2024-04-14 03:34:54,558 [INFO] ThirdParty:1030 - CMSIS Pack Vendor :portGmbH I-Cube-SoM-uGOAL 1.1.0
2024-04-14 03:34:54,558 [INFO] ThirdParty:1030 - CMSIS Pack Vendor :STMicroelectronics X-CUBE-ALS 1.0.1
2024-04-14 03:34:54,558 [INFO] ThirdParty:1030 - CMSIS Pack Vendor :STMicroelectronics X-CUBE-BLEMGR 3.1.0
2024-04-14 03:34:54,558 [INFO] ThirdParty:1030 - CMSIS Pack Vendor :STMicroelectronics ThreadX 1.0.0
2024-04-14 03:34:54,558 [INFO] ThirdParty:1030 - CMSIS Pack Vendor :STMicroelectronics FP-SNS-SMARTAG2 1.2.0
2024-04-14 03:34:54,558 [INFO] ThirdParty:1030 - CMSIS Pack Vendor :STMicroelectronics X-CUBE-AZRTOS-WL 2.0.0
2024-04-14 03:34:54,558 [INFO] ThirdParty:1030 - CMSIS Pack Vendor :SEGGER I-CUBE-embOS 1.3.1
2024-04-14 03:34:54,558 [INFO] ThirdParty:1030 - CMSIS Pack Vendor :STMicroelectronics FP-SNS-MOTENV1 5.0.0
2024-04-14 03:34:54,558 [INFO] ThirdParty:1030 - CMSIS Pack Vendor :STMicroelectronics USB_DEVICE 1.0.0
2024-04-14 03:34:54,559 [INFO] ThirdParty:1030 - CMSIS Pack Vendor :STMicroelectronics X-CUBE-AI 8.1.0
2024-04-14 03:34:54,559 [INFO] ThirdParty:1030 - CMSIS Pack Vendor :STMicroelectronics X-CUBE-AZRTOS-L4 2.0.0
2024-04-14 03:34:54,559 [INFO] ThirdParty:1030 - CMSIS Pack Vendor :STMicroelectronics ThreadX 0.0.2
2024-04-14 03:34:54,559 [INFO] ThirdParty:1030 - CMSIS Pack Vendor :WES I-CUBE-Cesium 1.3.0
2024-04-14 03:34:54,559 [INFO] ThirdParty:1030 - CMSIS Pack Vendor :STMicroelectronics FP-ATR-ASTRA1 2.0.0
2024-04-14 03:34:54,559 [INFO] ThirdParty:1030 - CMSIS Pack Vendor :STMicroelectronics lwIP 2.1.2
2024-04-14 03:34:54,559 [INFO] ThirdParty:1030 - CMSIS Pack Vendor :STMicroelectronics X-CUBE-SFXS2LP1 4.0.0
2024-04-14 03:34:54,559 [INFO] ThirdParty:1030 - CMSIS Pack Vendor :STMicroelectronics X-CUBE-BLE2 3.3.0
2024-04-14 03:34:54,559 [INFO] ThirdParty:1030 - CMSIS Pack Vendor :STMicroelectronics X-CUBE-TOF1 3.4.0
2024-04-14 03:34:54,559 [INFO] ThirdParty:1030 - CMSIS Pack Vendor :STMicroelectronics X-CUBE-TOF1 3.4.1
2024-04-14 03:34:54,559 [INFO] ThirdParty:1030 - CMSIS Pack Vendor :STMicroelectronics X-CUBE-AZRTOS-H7 3.2.0
2024-04-14 03:34:54,559 [INFO] ThirdParty:1030 - CMSIS Pack Vendor :STMicroelectronics PDM2PCM 3.2.0
2024-04-14 03:34:54,560 [INFO] ThirdParty:841 - exiting critical section [change project]
2024-04-14 03:34:55,294 [INFO] PinOutPanel:1499 - setPackage(No Configuration,No Configuration)
2024-04-14 03:34:55,295 [INFO] PinOutPanel:1499 - setPackage(STM32G474RETx,LQFP64)
2024-04-14 03:34:56,062 [INFO] UtilMem:75 - Before build in PCC Used Memory: 921598200 Bytes (1073741824)
2024-04-14 03:34:57,283 [INFO] UtilMem:75 - After build in PCC Used Memory: 873645032 Bytes (1073741824)
2024-04-14 03:34:57,318 [INFO] IPUIPlugin:80 - create IPUIPlugin
2024-04-14 03:34:57,318 [INFO] IPUIPlugin:80 - create IPUIPlugin
2024-04-14 03:34:57,318 [INFO] IPUIPlugin:80 - create IPUIPlugin
2024-04-14 03:34:57,318 [INFO] IPUIPlugin:80 - create IPUIPlugin
2024-04-14 03:34:57,318 [INFO] IPUIPlugin:80 - create IPUIPlugin
2024-04-14 03:34:57,318 [INFO] IPUIPlugin:80 - create IPUIPlugin
2024-04-14 03:34:57,319 [INFO] IPUIPlugin:80 - create IPUIPlugin
2024-04-14 03:34:57,319 [INFO] IPUIPlugin:80 - create IPUIPlugin
2024-04-14 03:34:57,319 [INFO] IPUIPlugin:80 - create IPUIPlugin
2024-04-14 03:34:57,319 [INFO] IPUIPlugin:80 - create IPUIPlugin
2024-04-14 03:34:57,319 [INFO] IPUIPlugin:80 - create IPUIPlugin
2024-04-14 03:34:57,319 [INFO] IPUIPlugin:80 - create IPUIPlugin
2024-04-14 03:34:57,319 [INFO] IPUIPlugin:80 - create IPUIPlugin
2024-04-14 03:34:57,320 [INFO] IPUIPlugin:80 - create IPUIPlugin
2024-04-14 03:34:57,320 [INFO] IPUIPlugin:80 - create IPUIPlugin
2024-04-14 03:34:57,320 [INFO] IPUIPlugin:80 - create IPUIPlugin
2024-04-14 03:34:57,320 [INFO] IPUIPlugin:80 - create IPUIPlugin
2024-04-14 03:34:57,320 [INFO] IPUIPlugin:80 - create IPUIPlugin
2024-04-14 03:34:57,320 [INFO] IPUIPlugin:80 - create IPUIPlugin
2024-04-14 03:34:57,320 [INFO] IPUIPlugin:80 - create IPUIPlugin
2024-04-14 03:34:57,321 [INFO] IPUIPlugin:80 - create IPUIPlugin
2024-04-14 03:34:57,321 [INFO] IPUIPlugin:80 - create IPUIPlugin
2024-04-14 03:34:57,321 [INFO] IPUIPlugin:80 - create IPUIPlugin
2024-04-14 03:34:57,321 [INFO] IPUIPlugin:80 - create IPUIPlugin
2024-04-14 03:34:57,321 [INFO] IPUIPlugin:80 - create IPUIPlugin
2024-04-14 03:34:57,321 [INFO] IPUIPlugin:80 - create IPUIPlugin
2024-04-14 03:34:57,321 [INFO] IPUIPlugin:80 - create IPUIPlugin
2024-04-14 03:34:57,322 [INFO] IPUIPlugin:80 - create IPUIPlugin
2024-04-14 03:34:57,322 [INFO] IPUIPlugin:80 - create IPUIPlugin
2024-04-14 03:34:57,322 [INFO] IPUIPlugin:80 - create IPUIPlugin
2024-04-14 03:34:57,322 [INFO] IPUIPlugin:80 - create IPUIPlugin
2024-04-14 03:34:57,322 [INFO] IPUIPlugin:80 - create IPUIPlugin
2024-04-14 03:34:57,322 [INFO] IPUIPlugin:80 - create IPUIPlugin
2024-04-14 03:34:57,322 [INFO] IPUIPlugin:80 - create IPUIPlugin
2024-04-14 03:34:57,322 [INFO] IPUIPlugin:80 - create IPUIPlugin
2024-04-14 03:34:57,322 [INFO] IPUIPlugin:80 - create IPUIPlugin
2024-04-14 03:34:57,322 [INFO] IPUIPlugin:80 - create IPUIPlugin
2024-04-14 03:34:57,324 [INFO] IPUIPlugin:80 - create IPUIPlugin
2024-04-14 03:34:57,326 [INFO] IPUIPlugin:80 - create IPUIPlugin
2024-04-14 03:34:57,326 [INFO] IPUIPlugin:80 - create IPUIPlugin
2024-04-14 03:34:57,326 [INFO] IPUIPlugin:80 - create IPUIPlugin
2024-04-14 03:34:57,326 [INFO] IPUIPlugin:80 - create IPUIPlugin
2024-04-14 03:34:57,326 [INFO] IPUIPlugin:80 - create IPUIPlugin
2024-04-14 03:34:57,328 [INFO] IPUIPlugin:80 - create IPUIPlugin
2024-04-14 03:34:57,328 [INFO] IPUIPlugin:80 - create IPUIPlugin
2024-04-14 03:34:57,328 [INFO] IPUIPlugin:80 - create IPUIPlugin
2024-04-14 03:34:57,329 [INFO] IPUIPlugin:80 - create IPUIPlugin
2024-04-14 03:34:57,329 [INFO] IPUIPlugin:80 - create IPUIPlugin
2024-04-14 03:34:57,329 [INFO] IPUIPlugin:80 - create IPUIPlugin
2024-04-14 03:34:57,330 [INFO] IPUIPlugin:80 - create IPUIPlugin
2024-04-14 03:34:57,330 [INFO] IPUIPlugin:80 - create IPUIPlugin
2024-04-14 03:34:57,330 [INFO] IPUIPlugin:80 - create IPUIPlugin
2024-04-14 03:34:57,330 [INFO] IPUIPlugin:80 - create IPUIPlugin
2024-04-14 03:34:57,331 [INFO] IPUIPlugin:80 - create IPUIPlugin
2024-04-14 03:34:57,331 [INFO] IPUIPlugin:80 - create IPUIPlugin
2024-04-14 03:34:57,331 [INFO] IPUIPlugin:80 - create IPUIPlugin
2024-04-14 03:34:57,331 [INFO] IPUIPlugin:80 - create IPUIPlugin
2024-04-14 03:34:57,331 [INFO] IPUIPlugin:80 - create IPUIPlugin
2024-04-14 03:34:57,331 [INFO] IPUIPlugin:80 - create IPUIPlugin
2024-04-14 03:34:57,331 [INFO] IPUIPlugin:80 - create IPUIPlugin
2024-04-14 03:34:57,332 [INFO] IPUIPlugin:80 - create IPUIPlugin
2024-04-14 03:34:57,332 [INFO] IPUIPlugin:80 - create IPUIPlugin
2024-04-14 03:34:57,332 [INFO] IPUIPlugin:80 - create IPUIPlugin
2024-04-14 03:34:57,332 [INFO] IPUIPlugin:80 - create IPUIPlugin
2024-04-14 03:34:57,332 [INFO] IPUIPlugin:80 - create IPUIPlugin
2024-04-14 03:34:57,334 [INFO] IPUIPlugin:80 - create IPUIPlugin
2024-04-14 03:34:57,334 [INFO] IPUIPlugin:80 - create IPUIPlugin
2024-04-14 03:34:57,334 [INFO] IPUIPlugin:80 - create IPUIPlugin
2024-04-14 03:34:57,335 [INFO] IPUIPlugin:80 - create IPUIPlugin
2024-04-14 03:34:57,335 [INFO] IPUIPlugin:80 - create IPUIPlugin
2024-04-14 03:34:57,335 [INFO] IPUIPlugin:80 - create IPUIPlugin
2024-04-14 03:34:57,336 [INFO] IPUIPlugin:80 - create IPUIPlugin
2024-04-14 03:34:57,336 [INFO] IPUIPlugin:80 - create IPUIPlugin
2024-04-14 03:34:57,337 [INFO] IPUIPlugin:80 - create IPUIPlugin
2024-04-14 03:34:57,337 [INFO] IPUIPlugin:80 - create IPUIPlugin
2024-04-14 03:34:57,337 [INFO] IPUIPlugin:80 - create IPUIPlugin
2024-04-14 03:34:57,338 [INFO] IPUIPlugin:80 - create IPUIPlugin
2024-04-14 03:34:57,560 [INFO] CADModel:165 - CPN selected for project levelSTM32G474RET6
2024-04-14 03:34:57,561 [INFO] CADModel:114 - Register for checkConnection events
2024-04-14 03:34:57,603 [INFO] OpenFileManager:328 - Restore cursor
2024-04-14 03:34:58,724 [INFO] UtilMem:75 - End SaveConfig() Used Memory: 901864448 Bytes (1073741824)
2024-04-14 03:34:58,805 [INFO] UtilMem:75 - End SaveConfig() Used Memory: 925689008 Bytes (1073741824)
2024-04-14 03:34:59,275 [INFO] BlockDiagram:2759 - set Specific Code input for plugin: SYS
2024-04-14 03:34:59,275 [INFO] BlockDiagram:2759 - set Specific Code input for plugin: RCC
2024-04-14 03:34:59,275 [INFO] BlockDiagram:2759 - set Specific Code input for plugin: LPUART
2024-04-14 03:34:59,275 [INFO] BlockDiagram:2759 - set Specific Code input for plugin: NVIC
2024-04-14 03:34:59,276 [INFO] BlockDiagram:2759 - set Specific Code input for plugin: GPIO
2024-04-14 03:34:59,277 [INFO] CodeGenerator:799 - code generatio: config db path: C:\ST\STM32CubeIDE_1.13.2\STM32CubeIDE\plugins\com.st.stm32cube.common.mx_6.9.2.202309101412\\db\
2024-04-14 03:34:59,573 [INFO] CodeEngine:255 - oldGeneratedFile, E:\Fibo_2_2\FRA222_microcon\LAB_II\LAB2\MXTmpFiles\license.tmp_save
2024-04-14 03:35:00,108 [INFO] CodeEngine:279 - Generated code: E:\Fibo_2_2\FRA222_microcon\LAB_II\LAB2\MXTmpFiles\license.tmp
2024-04-14 03:35:00,258 [INFO] CodeEngine:255 - oldGeneratedFile, E:\Fibo_2_2\FRA222_microcon\LAB_II\LAB2\MXTmpFiles\gpio.tmp_save
2024-04-14 03:35:00,461 [INFO] CodeEngine:279 - Generated code: E:\Fibo_2_2\FRA222_microcon\LAB_II\LAB2\MXTmpFiles\gpio.tmp
2024-04-14 03:35:00,607 [INFO] CodeEngine:255 - oldGeneratedFile, E:\Fibo_2_2\FRA222_microcon\LAB_II\LAB2\Core\Src\stm32g4xx_it.c_save
2024-04-14 03:35:00,818 [INFO] CodeEngine:279 - Generated code: E:\Fibo_2_2\FRA222_microcon\LAB_II\LAB2\Core\Src\stm32g4xx_it.c
2024-04-14 03:35:00,823 [INFO] CodeEngine:255 - oldGeneratedFile, E:\Fibo_2_2\FRA222_microcon\LAB_II\LAB2\Core\Inc\stm32g4xx_it.h_save
2024-04-14 03:35:00,919 [INFO] CodeEngine:279 - Generated code: E:\Fibo_2_2\FRA222_microcon\LAB_II\LAB2\Core\Inc\stm32g4xx_it.h
2024-04-14 03:35:00,931 [INFO] CodeEngine:255 - oldGeneratedFile, E:\Fibo_2_2\FRA222_microcon\LAB_II\LAB2\Core\Src\stm32g4xx_hal_msp.c_save
2024-04-14 03:35:01,118 [INFO] CodeEngine:279 - Generated code: E:\Fibo_2_2\FRA222_microcon\LAB_II\LAB2\Core\Src\stm32g4xx_hal_msp.c
2024-04-14 03:35:01,123 [INFO] CodeEngine:255 - oldGeneratedFile, E:\Fibo_2_2\FRA222_microcon\LAB_II\LAB2\MXTmpFiles\system.tmp_save
2024-04-14 03:35:01,230 [INFO] CodeEngine:279 - Generated code: E:\Fibo_2_2\FRA222_microcon\LAB_II\LAB2\MXTmpFiles\system.tmp
2024-04-14 03:35:01,239 [INFO] CodeEngine:311 - oldGeneratedFile, E:\Fibo_2_2\FRA222_microcon\LAB_II\LAB2\Core\Inc\stm32g4xx_hal_conf.h_save
2024-04-14 03:35:01,373 [INFO] CodeEngine:335 - Generated code: E:\Fibo_2_2\FRA222_microcon\LAB_II\LAB2\Core\Inc\stm32g4xx_hal_conf.h
2024-04-14 03:35:01,403 [WARN] IPConfigManager:2937 - Warning: the RefConfig RCC_CommonPeriphClockConfig is not available in your config.xml file
2024-04-14 03:35:01,414 [INFO] CodeEngine:255 - oldGeneratedFile, E:\Fibo_2_2\FRA222_microcon\LAB_II\LAB2\Core\Inc\main.h_save
2024-04-14 03:35:01,537 [INFO] CodeEngine:279 - Generated code: E:\Fibo_2_2\FRA222_microcon\LAB_II\LAB2\Core\Inc\main.h
2024-04-14 03:35:01,541 [INFO] CodeEngine:255 - oldGeneratedFile, E:\Fibo_2_2\FRA222_microcon\LAB_II\LAB2\Core\Src\main.c_save
2024-04-14 03:35:01,720 [INFO] CodeEngine:279 - Generated code: E:\Fibo_2_2\FRA222_microcon\LAB_II\LAB2\Core\Src\main.c
2024-04-14 03:35:02,893 [INFO] ProjectBuilder:3064 - Time for Copy HAL[1] : 462mS.
2024-04-14 03:35:02,904 [INFO] ProjectBuilder:4404 - Project Generator version: 4.1.0
2024-04-14 03:35:03,150 [INFO] ConfigFileManager:1457 - The Die is : DIE469
2024-04-14 03:35:03,160 [INFO] ApiDbMcu:507 - Load IP Config File for FATFS
2024-04-14 03:35:03,164 [INFO] ApiDbMcu:507 - Load IP Config File for FREERTOS
2024-04-14 03:35:03,177 [INFO] ApiDbMcu:507 - Load IP Config File for USBPD
2024-04-14 03:35:03,199 [INFO] ApiDbMcu:507 - Load IP Config File for USB_Device
2024-04-14 03:35:04,171 [INFO] LogOutputStream:77 - [STDOUT_REDIRECT] 
2024-04-14 03:35:06,324 [INFO] ProjectBuilder:4626 - Time for Generating toolchain IDE Files: 3419mS.
2024-04-14 03:35:06,325 [INFO] ProjectBuilder:2935 - Time for Copy CMSIS : 0mS.
2024-04-14 03:35:06,326 [INFO] ProjectBuilder:2935 - Time for Copy CMSIS : 0mS.
2024-04-14 03:35:07,777 [INFO] McuFinderGlobals:76 - Set McuFinderConnectedMode to true
2024-04-14 03:35:07,782 [INFO] ApiDb:448 - Save user favorites file C:\Users\Phatt/.stm32cubeide/favorites.mcus.txt: 0 item(s)
2024-04-14 03:35:07,782 [INFO] ApiDb:452 - User favorites MCUs=[]
2024-04-14 03:35:07,785 [INFO] ApiDb:448 - Save user favorites file C:\Users\Phatt/.stm32cubeide/favorites.boards.txt: 0 item(s)
2024-04-14 03:35:07,785 [INFO] ApiDb:452 - User favorites Boards=[]
2024-04-14 03:35:48,234 [ERROR] LogOutputStream:75 - [STDERR_REDIRECT] 
